[2018-12-08 12:01:32.859] [exthost] [info] extension host started
[2018-12-08 12:01:32.890] [exthost] [info] ExtensionService#_doActivateExtension vscode.debug-auto-launch {"startup":true,"activationEvent":"*"}
[2018-12-08 12:01:32.890] [exthost] [info] ExtensionService#loadCommonJSModule /usr/share/code/resources/app/extensions/debug-auto-launch/dist/extension
[2018-12-08 12:01:32.896] [exthost] [info] ExtensionService#_doActivateExtension vscode.emmet {"startup":true,"activationEvent":"*"}
[2018-12-08 12:01:32.896] [exthost] [info] ExtensionService#loadCommonJSModule /usr/share/code/resources/app/extensions/emmet/dist/extension
[2018-12-08 12:01:32.911] [exthost] [info] ExtensionService#_doActivateExtension vscode.git {"startup":true,"activationEvent":"*"}
[2018-12-08 12:01:32.911] [exthost] [info] ExtensionService#loadCommonJSModule /usr/share/code/resources/app/extensions/git/dist/main
[2018-12-08 12:01:33.015] [exthost] [info] ExtensionService#_doActivateExtension vscode.merge-conflict {"startup":true,"activationEvent":"*"}
[2018-12-08 12:01:33.015] [exthost] [info] ExtensionService#loadCommonJSModule /usr/share/code/resources/app/extensions/merge-conflict/dist/extension
[2018-12-08 12:01:33.020] [exthost] [info] ExtensionService#_doActivateExtension christian-kohler.path-intellisense {"startup":true,"activationEvent":"*"}
[2018-12-08 12:01:33.020] [exthost] [info] ExtensionService#loadCommonJSModule /home/damien/.vscode/extensions/christian-kohler.path-intellisense-1.4.2/out/src/extension
[2018-12-08 12:01:33.027] [exthost] [info] ExtensionService#_doActivateExtension CoenraadS.bracket-pair-colorizer {"startup":true,"activationEvent":"*"}
[2018-12-08 12:01:33.027] [exthost] [info] ExtensionService#loadCommonJSModule /home/damien/.vscode/extensions/coenraads.bracket-pair-colorizer-1.0.61/out/src/extension
[2018-12-08 12:01:33.041] [exthost] [info] ExtensionService#_doActivateExtension dbaeumer.vscode-eslint {"startup":true,"activationEvent":"*"}
[2018-12-08 12:01:33.041] [exthost] [info] ExtensionService#loadCommonJSModule /home/damien/.vscode/extensions/dbaeumer.vscode-eslint-1.7.0/client/out/extension
[2018-12-08 12:01:33.080] [exthost] [info] ExtensionService#_doActivateExtension eamodio.gitlens {"startup":true,"activationEvent":"*"}
[2018-12-08 12:01:33.080] [exthost] [info] ExtensionService#loadCommonJSModule /home/damien/.vscode/extensions/eamodio.gitlens-9.0.3/dist/extension
[2018-12-08 12:01:33.186] [exthost] [info] ExtensionService#_doActivateExtension EditorConfig.EditorConfig {"startup":true,"activationEvent":"*"}
[2018-12-08 12:01:33.186] [exthost] [info] ExtensionService#loadCommonJSModule /home/damien/.vscode/extensions/editorconfig.editorconfig-0.12.5/out/src/editorConfigMain
[2018-12-08 12:01:33.207] [exthost] [info] ExtensionService#_doActivateExtension esbenp.prettier-vscode {"startup":true,"activationEvent":"*"}
[2018-12-08 12:01:33.207] [exthost] [info] ExtensionService#loadCommonJSModule /home/damien/.vscode/extensions/esbenp.prettier-vscode-1.7.2/out/src/extension
[2018-12-08 12:01:33.364] [exthost] [info] ExtensionService#_doActivateExtension formulahendry.auto-close-tag {"startup":true,"activationEvent":"*"}
[2018-12-08 12:01:33.364] [exthost] [info] ExtensionService#loadCommonJSModule /home/damien/.vscode/extensions/formulahendry.auto-close-tag-0.5.6/out/src/extension
[2018-12-08 12:01:33.364] [exthost] [info] ExtensionService#_doActivateExtension oderwat.indent-rainbow {"startup":true,"activationEvent":"*"}
[2018-12-08 12:01:33.364] [exthost] [info] ExtensionService#loadCommonJSModule /home/damien/.vscode/extensions/oderwat.indent-rainbow-7.2.4/out/extension
[2018-12-08 12:01:33.365] [exthost] [info] ExtensionService#_doActivateExtension PKief.material-icon-theme {"startup":true,"activationEvent":"*"}
[2018-12-08 12:01:33.365] [exthost] [info] ExtensionService#loadCommonJSModule /home/damien/.vscode/extensions/pkief.material-icon-theme-3.6.1/out/src/extension
[2018-12-08 12:01:33.393] [exthost] [info] ExtensionService#_doActivateExtension robertohuertasm.vscode-icons {"startup":true,"activationEvent":"*"}
[2018-12-08 12:01:33.393] [exthost] [info] ExtensionService#loadCommonJSModule /home/damien/.vscode/extensions/robertohuertasm.vscode-icons-7.28.0/out/src/
[2018-12-08 12:01:33.446] [exthost] [info] ExtensionService#_doActivateExtension Shan.code-settings-sync {"startup":true,"activationEvent":"*"}
[2018-12-08 12:01:33.446] [exthost] [info] ExtensionService#loadCommonJSModule /home/damien/.vscode/extensions/shan.code-settings-sync-3.2.2/out/src/extension
[2018-12-08 12:01:33.635] [exthost] [info] ExtensionService#_doActivateExtension shyykoserhiy.vscode-spotify {"startup":true,"activationEvent":"*"}
[2018-12-08 12:01:33.635] [exthost] [info] ExtensionService#loadCommonJSModule /home/damien/.vscode/extensions/shyykoserhiy.vscode-spotify-3.1.0/out/src/extension
[2018-12-08 12:01:33.775] [exthost] [info] ExtensionService#_doActivateExtension streetsidesoftware.code-spell-checker {"startup":true,"activationEvent":"*"}
[2018-12-08 12:01:33.775] [exthost] [info] ExtensionService#loadCommonJSModule /home/damien/.vscode/extensions/streetsidesoftware.code-spell-checker-1.6.10/out/src/extension
[2018-12-08 12:01:33.863] [exthost] [info] ExtensionService#_doActivateExtension vscodevim.vim {"startup":true,"activationEvent":"*"}
[2018-12-08 12:01:33.863] [exthost] [info] ExtensionService#loadCommonJSModule /home/damien/.vscode/extensions/vscodevim.vim-0.16.13/out/extension
[2018-12-08 12:01:34.089] [exthost] [info] eager extensions activated
[2018-12-08 12:01:34.281] [exthost] [info] ExtensionService#_doActivateExtension streetsidesoftware.code-spell-checker-german {"startup":true,"activationEvent":"*"}
[2018-12-08 12:01:34.281] [exthost] [info] ExtensionService#loadCommonJSModule /home/damien/.vscode/extensions/streetsidesoftware.code-spell-checker-german-0.1.2/out/src/extension
