[2018-12-08 11:12:27.826] [cli] [info] main {"_":[],"help":false,"h":false,"version":false,"v":false,"wait":false,"w":false,"diff":false,"d":false,"add":false,"a":false,"goto":false,"g":false,"new-window":false,"n":false,"unity-launch":false,"reuse-window":false,"r":false,"open-url":false,"performance":false,"p":false,"prof-startup":false,"verbose":false,"logExtensionHostCommunication":false,"disable-extensions":false,"disableExtensions":false,"list-extensions":false,"show-versions":false,"nolazy":false,"issue":false,"skip-getting-started":false,"skip-release-notes":false,"sticky-quickopen":false,"disable-restore-windows":false,"disable-telemetry":false,"disable-updates":false,"disable-crash-reporter":false,"skip-add-to-recently-opened":false,"status":false,"s":false,"file-write":false,"file-chmod":false,"driver-verbose":false,"trace":false,"install-extension":"johnpapa.angular-essentials"}
[2018-12-08 11:12:27.857] [cli] [info] Scanned user extensions: 1
[2018-12-08 11:12:28.241] [cli] [info] Installing extension: angular-essentials
[2018-12-08 11:12:28.384] [cli] [info] Scanned user extensions: 1
[2018-12-08 11:12:29.507] [cli] [info] Downloaded extension: angular-essentials /tmp/5e265284-54a4-49b0-88a9-1d88fe50af2f
[2018-12-08 11:12:29.544] [cli] [info] Extracted extension to /home/damien/.vscode/extensions/.johnpapa.angular-essentials-0.4.0: johnpapa.angular-essentials-0.4.0
[2018-12-08 11:12:29.544] [cli] [info] Renamed to /home/damien/.vscode/extensions/johnpapa.angular-essentials-0.4.0
[2018-12-08 11:12:29.544] [cli] [info] Installation completed. johnpapa.angular-essentials-0.4.0
[2018-12-08 11:12:29.568] [cli] [info] Scanned user extensions: 2
[2018-12-08 11:12:29.593] [cli] [info] Scanned system extensions: 71
[2018-12-08 11:12:30.232] [cli] [info] Installing extension: debugger-for-chrome
[2018-12-08 11:12:30.232] [cli] [info] Installing extension: tslint
[2018-12-08 11:12:30.232] [cli] [info] Installing extension: prettier-vscode
[2018-12-08 11:12:30.232] [cli] [info] Installing extension: path-intellisense
[2018-12-08 11:12:30.232] [cli] [info] Installing extension: vscode-npm-script
[2018-12-08 11:12:30.232] [cli] [info] Installing extension: material-icon-theme
[2018-12-08 11:12:30.233] [cli] [info] Installing extension: Angular2
[2018-12-08 11:12:30.233] [cli] [info] Installing extension: EditorConfig
[2018-12-08 11:12:30.233] [cli] [info] Installing extension: ng-template
[2018-12-08 11:12:30.233] [cli] [info] Installing extension: angular2-inline
[2018-12-08 11:12:30.233] [cli] [info] Installing extension: winteriscoming
[2018-12-08 11:12:30.238] [cli] [info] Scanned user extensions: 2
[2018-12-08 11:12:30.239] [cli] [info] Scanned user extensions: 2
[2018-12-08 11:12:30.241] [cli] [info] Scanned user extensions: 2
[2018-12-08 11:12:30.244] [cli] [info] Scanned user extensions: 2
[2018-12-08 11:12:30.284] [cli] [info] Scanned user extensions: 2
[2018-12-08 11:12:30.302] [cli] [info] Scanned user extensions: 2
[2018-12-08 11:12:30.305] [cli] [info] Scanned user extensions: 2
[2018-12-08 11:12:30.306] [cli] [info] Scanned user extensions: 2
[2018-12-08 11:12:30.322] [cli] [info] Scanned user extensions: 2
[2018-12-08 11:12:30.325] [cli] [info] Scanned user extensions: 2
[2018-12-08 11:12:30.352] [cli] [info] Scanned user extensions: 2
[2018-12-08 11:12:30.982] [cli] [info] Downloaded extension: vscode-npm-script /tmp/28f84c6d-d677-409b-a0ff-a2970ef2df28
[2018-12-08 11:12:31.029] [cli] [info] Extracted extension to /home/damien/.vscode/extensions/.eg2.vscode-npm-script-0.3.5: eg2.vscode-npm-script-0.3.5
[2018-12-08 11:12:31.029] [cli] [info] Renamed to /home/damien/.vscode/extensions/eg2.vscode-npm-script-0.3.5
[2018-12-08 11:12:31.029] [cli] [info] Installation completed. eg2.vscode-npm-script-0.3.5
[2018-12-08 11:12:31.040] [cli] [info] Extensions installed successfully: eg2.vscode-npm-script
[2018-12-08 11:12:31.255] [cli] [info] Downloaded extension: EditorConfig /tmp/34196f2e-5fbb-4288-a1b3-2ee7ce4ea2a7
[2018-12-08 11:12:31.345] [cli] [info] Extracted extension to /home/damien/.vscode/extensions/.editorconfig.editorconfig-0.12.5: editorconfig.editorconfig-0.12.5
[2018-12-08 11:12:31.345] [cli] [info] Renamed to /home/damien/.vscode/extensions/editorconfig.editorconfig-0.12.5
[2018-12-08 11:12:31.345] [cli] [info] Installation completed. editorconfig.editorconfig-0.12.5
[2018-12-08 11:12:31.349] [cli] [info] Downloaded extension: path-intellisense /tmp/11cb408b-27ec-4fc1-8727-1df973af41d6
[2018-12-08 11:12:31.352] [cli] [info] Extensions installed successfully: editorconfig.editorconfig
[2018-12-08 11:12:31.391] [cli] [info] Extracted extension to /home/damien/.vscode/extensions/.christian-kohler.path-intellisense-1.4.2: christian-kohler.path-intellisense-1.4.2
[2018-12-08 11:12:31.391] [cli] [info] Renamed to /home/damien/.vscode/extensions/christian-kohler.path-intellisense-1.4.2
[2018-12-08 11:12:31.391] [cli] [info] Installation completed. christian-kohler.path-intellisense-1.4.2
[2018-12-08 11:12:31.394] [cli] [info] Extensions installed successfully: christian-kohler.path-intellisense
[2018-12-08 11:12:31.872] [cli] [info] Downloaded extension: material-icon-theme /tmp/186fe08f-ce34-4260-b36a-2e5ba3b2b162
[2018-12-08 11:12:31.937] [cli] [info] Downloaded extension: Angular2 /tmp/2b677ace-708e-4f69-82a5-2e59094ceb51
[2018-12-08 11:12:32.007] [cli] [info] Downloaded extension: tslint /tmp/951896e6-891b-414c-a362-2578358d3cf3
[2018-12-08 11:12:32.027] [cli] [info] Extracted extension to /home/damien/.vscode/extensions/.johnpapa.angular2-7.0.1: johnpapa.angular2-7.0.1
[2018-12-08 11:12:32.028] [cli] [info] Renamed to /home/damien/.vscode/extensions/johnpapa.angular2-7.0.1
[2018-12-08 11:12:32.028] [cli] [info] Installation completed. johnpapa.angular2-7.0.1
[2018-12-08 11:12:32.039] [cli] [info] Extensions installed successfully: johnpapa.angular2
[2018-12-08 11:12:32.247] [cli] [info] Extracted extension to /home/damien/.vscode/extensions/.eg2.tslint-1.0.40: eg2.tslint-1.0.40
[2018-12-08 11:12:32.247] [cli] [info] Renamed to /home/damien/.vscode/extensions/eg2.tslint-1.0.40
[2018-12-08 11:12:32.247] [cli] [info] Installation completed. eg2.tslint-1.0.40
[2018-12-08 11:12:32.256] [cli] [info] Extensions installed successfully: eg2.tslint
[2018-12-08 11:12:32.364] [cli] [info] Extracted extension to /home/damien/.vscode/extensions/.pkief.material-icon-theme-3.6.1: pkief.material-icon-theme-3.6.1
[2018-12-08 11:12:32.364] [cli] [info] Renamed to /home/damien/.vscode/extensions/pkief.material-icon-theme-3.6.1
[2018-12-08 11:12:32.364] [cli] [info] Installation completed. pkief.material-icon-theme-3.6.1
[2018-12-08 11:12:32.370] [cli] [info] Extensions installed successfully: pkief.material-icon-theme
[2018-12-08 11:12:32.459] [cli] [info] Downloaded extension: angular2-inline /tmp/3b03d64a-52e6-44ed-8d1f-f31a54737f99
[2018-12-08 11:12:32.496] [cli] [info] Downloaded extension: debugger-for-chrome /tmp/0aaff920-d657-4886-8f0e-748aecaaff9c
[2018-12-08 11:12:32.501] [cli] [info] Extracted extension to /home/damien/.vscode/extensions/.natewallace.angular2-inline-0.0.17: natewallace.angular2-inline-0.0.17
[2018-12-08 11:12:32.501] [cli] [info] Renamed to /home/damien/.vscode/extensions/natewallace.angular2-inline-0.0.17
[2018-12-08 11:12:32.501] [cli] [info] Installation completed. natewallace.angular2-inline-0.0.17
[2018-12-08 11:12:32.507] [cli] [info] Extensions installed successfully: natewallace.angular2-inline
[2018-12-08 11:12:32.745] [cli] [info] Extracted extension to /home/damien/.vscode/extensions/.msjsdiag.debugger-for-chrome-4.11.1: msjsdiag.debugger-for-chrome-4.11.1
[2018-12-08 11:12:32.745] [cli] [info] Renamed to /home/damien/.vscode/extensions/msjsdiag.debugger-for-chrome-4.11.1
[2018-12-08 11:12:32.745] [cli] [info] Installation completed. msjsdiag.debugger-for-chrome-4.11.1
[2018-12-08 11:12:32.753] [cli] [info] Extensions installed successfully: msjsdiag.debugger-for-chrome
[2018-12-08 11:12:32.828] [cli] [info] Downloaded extension: winteriscoming /tmp/1df92a3b-5522-4511-a340-137834a41b5d
[2018-12-08 11:12:32.901] [cli] [info] Extracted extension to /home/damien/.vscode/extensions/.johnpapa.winteriscoming-0.8.8: johnpapa.winteriscoming-0.8.8
[2018-12-08 11:12:32.901] [cli] [info] Renamed to /home/damien/.vscode/extensions/johnpapa.winteriscoming-0.8.8
[2018-12-08 11:12:32.901] [cli] [info] Installation completed. johnpapa.winteriscoming-0.8.8
[2018-12-08 11:12:32.909] [cli] [info] Extensions installed successfully: johnpapa.winteriscoming
[2018-12-08 11:12:35.871] [cli] [info] Downloaded extension: prettier-vscode /tmp/827d09c9-7c28-4b02-afa9-6cc52b381558
[2018-12-08 11:12:37.468] [cli] [info] Downloaded extension: ng-template /tmp/5f2b1d64-58bc-4bcd-8d32-8b2f7eb83c54
[2018-12-08 11:12:40.635] [cli] [info] Extracted extension to /home/damien/.vscode/extensions/.esbenp.prettier-vscode-1.7.2: esbenp.prettier-vscode-1.7.2
[2018-12-08 11:12:40.635] [cli] [info] Renamed to /home/damien/.vscode/extensions/esbenp.prettier-vscode-1.7.2
[2018-12-08 11:12:40.635] [cli] [info] Installation completed. esbenp.prettier-vscode-1.7.2
[2018-12-08 11:12:40.654] [cli] [info] Extensions installed successfully: esbenp.prettier-vscode
[2018-12-08 11:12:41.831] [cli] [info] Extracted extension to /home/damien/.vscode/extensions/.angular.ng-template-0.1.11: angular.ng-template-0.1.11
[2018-12-08 11:12:41.831] [cli] [info] Renamed to /home/damien/.vscode/extensions/angular.ng-template-0.1.11
[2018-12-08 11:12:41.831] [cli] [info] Installation completed. angular.ng-template-0.1.11
[2018-12-08 11:12:41.842] [cli] [info] Extensions installed successfully: angular.ng-template
[2018-12-08 11:12:41.842] [cli] [info] Extensions installed successfully: johnpapa.angular-essentials
[2018-12-08 11:12:42.860] [cli] [info] main {"_":[],"help":false,"h":false,"version":false,"v":false,"wait":false,"w":false,"diff":false,"d":false,"add":false,"a":false,"goto":false,"g":false,"new-window":false,"n":false,"unity-launch":false,"reuse-window":false,"r":false,"open-url":false,"performance":false,"p":false,"prof-startup":false,"verbose":false,"logExtensionHostCommunication":false,"disable-extensions":false,"disableExtensions":false,"list-extensions":false,"show-versions":false,"nolazy":false,"issue":false,"skip-getting-started":false,"skip-release-notes":false,"sticky-quickopen":false,"disable-restore-windows":false,"disable-telemetry":false,"disable-updates":false,"disable-crash-reporter":false,"skip-add-to-recently-opened":false,"status":false,"s":false,"file-write":false,"file-chmod":false,"driver-verbose":false,"trace":false,"install-extension":"johnpapa.Angular2"}
[2018-12-08 11:12:42.896] [cli] [info] Scanned user extensions: 13
[2018-12-08 11:12:44.501] [cli] [info] main {"_":[],"help":false,"h":false,"version":false,"v":false,"wait":false,"w":false,"diff":false,"d":false,"add":false,"a":false,"goto":false,"g":false,"new-window":false,"n":false,"unity-launch":false,"reuse-window":false,"r":false,"open-url":false,"performance":false,"p":false,"prof-startup":false,"verbose":false,"logExtensionHostCommunication":false,"disable-extensions":false,"disableExtensions":false,"list-extensions":false,"show-versions":false,"nolazy":false,"issue":false,"skip-getting-started":false,"skip-release-notes":false,"sticky-quickopen":false,"disable-restore-windows":false,"disable-telemetry":false,"disable-updates":false,"disable-crash-reporter":false,"skip-add-to-recently-opened":false,"status":false,"s":false,"file-write":false,"file-chmod":false,"driver-verbose":false,"trace":false,"install-extension":"natewallace.angular2-inline"}
[2018-12-08 11:12:44.536] [cli] [info] Scanned user extensions: 13
[2018-12-08 11:12:46.749] [cli] [info] main {"_":[],"help":false,"h":false,"version":false,"v":false,"wait":false,"w":false,"diff":false,"d":false,"add":false,"a":false,"goto":false,"g":false,"new-window":false,"n":false,"unity-launch":false,"reuse-window":false,"r":false,"open-url":false,"performance":false,"p":false,"prof-startup":false,"verbose":false,"logExtensionHostCommunication":false,"disable-extensions":false,"disableExtensions":false,"list-extensions":false,"show-versions":false,"nolazy":false,"issue":false,"skip-getting-started":false,"skip-release-notes":false,"sticky-quickopen":false,"disable-restore-windows":false,"disable-telemetry":false,"disable-updates":false,"disable-crash-reporter":false,"skip-add-to-recently-opened":false,"status":false,"s":false,"file-write":false,"file-chmod":false,"driver-verbose":false,"trace":false,"install-extension":"wart.ariake-dark"}
[2018-12-08 11:12:46.784] [cli] [info] Scanned user extensions: 13
[2018-12-08 11:12:47.759] [cli] [info] Installing extension: ariake-dark
[2018-12-08 11:12:47.929] [cli] [info] Scanned user extensions: 13
[2018-12-08 11:12:48.751] [cli] [info] Downloaded extension: ariake-dark /tmp/cc2fe296-a8a5-44d5-b122-0ec9578fb2ae
[2018-12-08 11:12:48.795] [cli] [info] Extracted extension to /home/damien/.vscode/extensions/.wart.ariake-dark-0.1.1: wart.ariake-dark-0.1.1
[2018-12-08 11:12:48.795] [cli] [info] Renamed to /home/damien/.vscode/extensions/wart.ariake-dark-0.1.1
[2018-12-08 11:12:48.795] [cli] [info] Installation completed. wart.ariake-dark-0.1.1
[2018-12-08 11:12:48.809] [cli] [info] Extensions installed successfully: wart.ariake-dark
[2018-12-08 11:12:50.126] [cli] [info] main {"_":[],"help":false,"h":false,"version":false,"v":false,"wait":false,"w":false,"diff":false,"d":false,"add":false,"a":false,"goto":false,"g":false,"new-window":false,"n":false,"unity-launch":false,"reuse-window":false,"r":false,"open-url":false,"performance":false,"p":false,"prof-startup":false,"verbose":false,"logExtensionHostCommunication":false,"disable-extensions":false,"disableExtensions":false,"list-extensions":false,"show-versions":false,"nolazy":false,"issue":false,"skip-getting-started":false,"skip-release-notes":false,"sticky-quickopen":false,"disable-restore-windows":false,"disable-telemetry":false,"disable-updates":false,"disable-crash-reporter":false,"skip-add-to-recently-opened":false,"status":false,"s":false,"file-write":false,"file-chmod":false,"driver-verbose":false,"trace":false,"install-extension":"formulahendry.auto-close-tag"}
[2018-12-08 11:12:50.164] [cli] [info] Scanned user extensions: 14
[2018-12-08 11:12:50.522] [cli] [info] Installing extension: auto-close-tag
[2018-12-08 11:12:50.660] [cli] [info] Scanned user extensions: 14
[2018-12-08 11:12:51.873] [cli] [info] Downloaded extension: auto-close-tag /tmp/c46f621c-9104-4207-8ed4-99868808ff88
[2018-12-08 11:12:51.916] [cli] [info] Extracted extension to /home/damien/.vscode/extensions/.formulahendry.auto-close-tag-0.5.6: formulahendry.auto-close-tag-0.5.6
[2018-12-08 11:12:51.916] [cli] [info] Renamed to /home/damien/.vscode/extensions/formulahendry.auto-close-tag-0.5.6
[2018-12-08 11:12:51.916] [cli] [info] Installation completed. formulahendry.auto-close-tag-0.5.6
[2018-12-08 11:12:51.927] [cli] [info] Extensions installed successfully: formulahendry.auto-close-tag
[2018-12-08 11:12:53.095] [cli] [info] main {"_":[],"help":false,"h":false,"version":false,"v":false,"wait":false,"w":false,"diff":false,"d":false,"add":false,"a":false,"goto":false,"g":false,"new-window":false,"n":false,"unity-launch":false,"reuse-window":false,"r":false,"open-url":false,"performance":false,"p":false,"prof-startup":false,"verbose":false,"logExtensionHostCommunication":false,"disable-extensions":false,"disableExtensions":false,"list-extensions":false,"show-versions":false,"nolazy":false,"issue":false,"skip-getting-started":false,"skip-release-notes":false,"sticky-quickopen":false,"disable-restore-windows":false,"disable-telemetry":false,"disable-updates":false,"disable-crash-reporter":false,"skip-add-to-recently-opened":false,"status":false,"s":false,"file-write":false,"file-chmod":false,"driver-verbose":false,"trace":false,"install-extension":"teabyii.ayu"}
[2018-12-08 11:12:53.130] [cli] [info] Scanned user extensions: 15
[2018-12-08 11:12:53.900] [cli] [info] Installing extension: ayu
[2018-12-08 11:12:54.062] [cli] [info] Scanned user extensions: 15
[2018-12-08 11:12:55.865] [cli] [info] Downloaded extension: ayu /tmp/ee307af7-86e5-48af-9ebe-83cb02bf44ac
[2018-12-08 11:12:56.036] [cli] [info] Extracted extension to /home/damien/.vscode/extensions/.teabyii.ayu-0.17.0: teabyii.ayu-0.17.0
[2018-12-08 11:12:56.036] [cli] [info] Renamed to /home/damien/.vscode/extensions/teabyii.ayu-0.17.0
[2018-12-08 11:12:56.036] [cli] [info] Installation completed. teabyii.ayu-0.17.0
[2018-12-08 11:12:56.051] [cli] [info] Extensions installed successfully: teabyii.ayu
[2018-12-08 11:12:57.208] [cli] [info] main {"_":[],"help":false,"h":false,"version":false,"v":false,"wait":false,"w":false,"diff":false,"d":false,"add":false,"a":false,"goto":false,"g":false,"new-window":false,"n":false,"unity-launch":false,"reuse-window":false,"r":false,"open-url":false,"performance":false,"p":false,"prof-startup":false,"verbose":false,"logExtensionHostCommunication":false,"disable-extensions":false,"disableExtensions":false,"list-extensions":false,"show-versions":false,"nolazy":false,"issue":false,"skip-getting-started":false,"skip-release-notes":false,"sticky-quickopen":false,"disable-restore-windows":false,"disable-telemetry":false,"disable-updates":false,"disable-crash-reporter":false,"skip-add-to-recently-opened":false,"status":false,"s":false,"file-write":false,"file-chmod":false,"driver-verbose":false,"trace":false,"install-extension":"CoenraadS.bracket-pair-colorizer"}
[2018-12-08 11:12:57.243] [cli] [info] Scanned user extensions: 16
[2018-12-08 11:12:57.582] [cli] [info] Installing extension: bracket-pair-colorizer
[2018-12-08 11:12:57.735] [cli] [info] Scanned user extensions: 16
[2018-12-08 11:12:58.855] [cli] [info] Downloaded extension: bracket-pair-colorizer /tmp/42a0b78a-0d02-4611-b4af-7cddc4f0901d
[2018-12-08 11:12:59.153] [cli] [info] Extracted extension to /home/damien/.vscode/extensions/.coenraads.bracket-pair-colorizer-1.0.61: coenraads.bracket-pair-colorizer-1.0.61
[2018-12-08 11:12:59.153] [cli] [info] Renamed to /home/damien/.vscode/extensions/coenraads.bracket-pair-colorizer-1.0.61
[2018-12-08 11:12:59.153] [cli] [info] Installation completed. coenraads.bracket-pair-colorizer-1.0.61
[2018-12-08 11:12:59.168] [cli] [info] Extensions installed successfully: coenraads.bracket-pair-colorizer
[2018-12-08 11:13:00.585] [cli] [info] main {"_":[],"help":false,"h":false,"version":false,"v":false,"wait":false,"w":false,"diff":false,"d":false,"add":false,"a":false,"goto":false,"g":false,"new-window":false,"n":false,"unity-launch":false,"reuse-window":false,"r":false,"open-url":false,"performance":false,"p":false,"prof-startup":false,"verbose":false,"logExtensionHostCommunication":false,"disable-extensions":false,"disableExtensions":false,"list-extensions":false,"show-versions":false,"nolazy":false,"issue":false,"skip-getting-started":false,"skip-release-notes":false,"sticky-quickopen":false,"disable-restore-windows":false,"disable-telemetry":false,"disable-updates":false,"disable-crash-reporter":false,"skip-add-to-recently-opened":false,"status":false,"s":false,"file-write":false,"file-chmod":false,"driver-verbose":false,"trace":false,"install-extension":"ericadamski.carbon-now-sh"}
[2018-12-08 11:13:00.621] [cli] [info] Scanned user extensions: 17
[2018-12-08 11:13:00.963] [cli] [info] Installing extension: carbon-now-sh
[2018-12-08 11:13:01.118] [cli] [info] Scanned user extensions: 17
[2018-12-08 11:13:01.879] [cli] [info] Downloaded extension: carbon-now-sh /tmp/22c8f6b2-5c99-499c-972a-60820bcf545a
[2018-12-08 11:13:01.952] [cli] [info] Extracted extension to /home/damien/.vscode/extensions/.ericadamski.carbon-now-sh-1.2.0: ericadamski.carbon-now-sh-1.2.0
[2018-12-08 11:13:01.953] [cli] [info] Renamed to /home/damien/.vscode/extensions/ericadamski.carbon-now-sh-1.2.0
[2018-12-08 11:13:01.953] [cli] [info] Installation completed. ericadamski.carbon-now-sh-1.2.0
[2018-12-08 11:13:01.969] [cli] [info] Extensions installed successfully: ericadamski.carbon-now-sh
[2018-12-08 11:13:02.934] [cli] [info] main {"_":[],"help":false,"h":false,"version":false,"v":false,"wait":false,"w":false,"diff":false,"d":false,"add":false,"a":false,"goto":false,"g":false,"new-window":false,"n":false,"unity-launch":false,"reuse-window":false,"r":false,"open-url":false,"performance":false,"p":false,"prof-startup":false,"verbose":false,"logExtensionHostCommunication":false,"disable-extensions":false,"disableExtensions":false,"list-extensions":false,"show-versions":false,"nolazy":false,"issue":false,"skip-getting-started":false,"skip-release-notes":false,"sticky-quickopen":false,"disable-restore-windows":false,"disable-telemetry":false,"disable-updates":false,"disable-crash-reporter":false,"skip-add-to-recently-opened":false,"status":false,"s":false,"file-write":false,"file-chmod":false,"driver-verbose":false,"trace":false,"install-extension":"streetsidesoftware.code-spell-checker"}
[2018-12-08 11:13:02.972] [cli] [info] Scanned user extensions: 18
[2018-12-08 11:13:03.732] [cli] [info] Installing extension: code-spell-checker
[2018-12-08 11:13:03.904] [cli] [info] Scanned user extensions: 18
[2018-12-08 11:13:06.915] [cli] [info] Downloaded extension: code-spell-checker /tmp/ce1bd5e4-7ee3-4856-a29e-c3a07d4e2d1d
[2018-12-08 11:13:08.524] [cli] [info] Extracted extension to /home/damien/.vscode/extensions/.streetsidesoftware.code-spell-checker-1.6.10: streetsidesoftware.code-spell-checker-1.6.10
[2018-12-08 11:13:08.525] [cli] [info] Renamed to /home/damien/.vscode/extensions/streetsidesoftware.code-spell-checker-1.6.10
[2018-12-08 11:13:08.525] [cli] [info] Installation completed. streetsidesoftware.code-spell-checker-1.6.10
[2018-12-08 11:13:08.546] [cli] [info] Extensions installed successfully: streetsidesoftware.code-spell-checker
[2018-12-08 11:13:09.497] [cli] [info] main {"_":[],"help":false,"h":false,"version":false,"v":false,"wait":false,"w":false,"diff":false,"d":false,"add":false,"a":false,"goto":false,"g":false,"new-window":false,"n":false,"unity-launch":false,"reuse-window":false,"r":false,"open-url":false,"performance":false,"p":false,"prof-startup":false,"verbose":false,"logExtensionHostCommunication":false,"disable-extensions":false,"disableExtensions":false,"list-extensions":false,"show-versions":false,"nolazy":false,"issue":false,"skip-getting-started":false,"skip-release-notes":false,"sticky-quickopen":false,"disable-restore-windows":false,"disable-telemetry":false,"disable-updates":false,"disable-crash-reporter":false,"skip-add-to-recently-opened":false,"status":false,"s":false,"file-write":false,"file-chmod":false,"driver-verbose":false,"trace":false,"install-extension":"streetsidesoftware.code-spell-checker-german"}
[2018-12-08 11:13:09.536] [cli] [info] Scanned user extensions: 19
[2018-12-08 11:13:09.853] [cli] [info] Installing extension: code-spell-checker-german
[2018-12-08 11:13:10.013] [cli] [info] Scanned user extensions: 19
[2018-12-08 11:13:11.242] [cli] [info] Downloaded extension: code-spell-checker-german /tmp/a00f0837-d724-471b-87ea-7bda993aae1d
[2018-12-08 11:13:11.321] [cli] [info] Extracted extension to /home/damien/.vscode/extensions/.streetsidesoftware.code-spell-checker-german-0.1.2: streetsidesoftware.code-spell-checker-german-0.1.2
[2018-12-08 11:13:11.322] [cli] [info] Renamed to /home/damien/.vscode/extensions/streetsidesoftware.code-spell-checker-german-0.1.2
[2018-12-08 11:13:11.322] [cli] [info] Installation completed. streetsidesoftware.code-spell-checker-german-0.1.2
[2018-12-08 11:13:11.355] [cli] [info] Scanned user extensions: 20
[2018-12-08 11:13:11.367] [cli] [info] Scanned system extensions: 71
[2018-12-08 11:13:11.367] [cli] [info] Extensions installed successfully: streetsidesoftware.code-spell-checker-german
[2018-12-08 11:13:12.640] [cli] [info] main {"_":[],"help":false,"h":false,"version":false,"v":false,"wait":false,"w":false,"diff":false,"d":false,"add":false,"a":false,"goto":false,"g":false,"new-window":false,"n":false,"unity-launch":false,"reuse-window":false,"r":false,"open-url":false,"performance":false,"p":false,"prof-startup":false,"verbose":false,"logExtensionHostCommunication":false,"disable-extensions":false,"disableExtensions":false,"list-extensions":false,"show-versions":false,"nolazy":false,"issue":false,"skip-getting-started":false,"skip-release-notes":false,"sticky-quickopen":false,"disable-restore-windows":false,"disable-telemetry":false,"disable-updates":false,"disable-crash-reporter":false,"skip-add-to-recently-opened":false,"status":false,"s":false,"file-write":false,"file-chmod":false,"driver-verbose":false,"trace":false,"install-extension":"ms-vscode.cpptools"}
[2018-12-08 11:13:12.681] [cli] [info] Scanned user extensions: 20
[2018-12-08 11:13:13.134] [cli] [info] Installing extension: cpptools
[2018-12-08 11:13:13.273] [cli] [info] Scanned user extensions: 20
[2018-12-08 11:13:15.819] [cli] [info] Downloaded extension: cpptools /tmp/ba5b3911-0cec-4aaa-bc7d-9bb087542e92
[2018-12-08 11:13:16.186] [cli] [info] Extracted extension to /home/damien/.vscode/extensions/.ms-vscode.cpptools-0.20.1: ms-vscode.cpptools-0.20.1
[2018-12-08 11:13:16.186] [cli] [info] Renamed to /home/damien/.vscode/extensions/ms-vscode.cpptools-0.20.1
[2018-12-08 11:13:16.186] [cli] [info] Installation completed. ms-vscode.cpptools-0.20.1
[2018-12-08 11:13:16.210] [cli] [info] Extensions installed successfully: ms-vscode.cpptools
[2018-12-08 11:13:17.483] [cli] [info] main {"_":[],"help":false,"h":false,"version":false,"v":false,"wait":false,"w":false,"diff":false,"d":false,"add":false,"a":false,"goto":false,"g":false,"new-window":false,"n":false,"unity-launch":false,"reuse-window":false,"r":false,"open-url":false,"performance":false,"p":false,"prof-startup":false,"verbose":false,"logExtensionHostCommunication":false,"disable-extensions":false,"disableExtensions":false,"list-extensions":false,"show-versions":false,"nolazy":false,"issue":false,"skip-getting-started":false,"skip-release-notes":false,"sticky-quickopen":false,"disable-restore-windows":false,"disable-telemetry":false,"disable-updates":false,"disable-crash-reporter":false,"skip-add-to-recently-opened":false,"status":false,"s":false,"file-write":false,"file-chmod":false,"driver-verbose":false,"trace":false,"install-extension":"ms-vscode.csharp"}
[2018-12-08 11:13:17.526] [cli] [info] Scanned user extensions: 21
[2018-12-08 11:13:17.844] [cli] [info] Installing extension: csharp
[2018-12-08 11:13:18.018] [cli] [info] Scanned user extensions: 21
[2018-12-08 11:13:19.483] [cli] [info] Downloaded extension: csharp /tmp/003f1242-d275-4355-bfeb-1543b8ce908a
[2018-12-08 11:13:20.857] [cli] [info] Extracted extension to /home/damien/.vscode/extensions/.ms-vscode.csharp-1.17.1: ms-vscode.csharp-1.17.1
[2018-12-08 11:13:20.857] [cli] [info] Renamed to /home/damien/.vscode/extensions/ms-vscode.csharp-1.17.1
[2018-12-08 11:13:20.857] [cli] [info] Installation completed. ms-vscode.csharp-1.17.1
[2018-12-08 11:13:20.879] [cli] [info] Extensions installed successfully: ms-vscode.csharp
[2018-12-08 11:13:22.095] [cli] [info] main {"_":[],"help":false,"h":false,"version":false,"v":false,"wait":false,"w":false,"diff":false,"d":false,"add":false,"a":false,"goto":false,"g":false,"new-window":false,"n":false,"unity-launch":false,"reuse-window":false,"r":false,"open-url":false,"performance":false,"p":false,"prof-startup":false,"verbose":false,"logExtensionHostCommunication":false,"disable-extensions":false,"disableExtensions":false,"list-extensions":false,"show-versions":false,"nolazy":false,"issue":false,"skip-getting-started":false,"skip-release-notes":false,"sticky-quickopen":false,"disable-restore-windows":false,"disable-telemetry":false,"disable-updates":false,"disable-crash-reporter":false,"skip-add-to-recently-opened":false,"status":false,"s":false,"file-write":false,"file-chmod":false,"driver-verbose":false,"trace":false,"install-extension":"jchannon.csharpextensions"}
[2018-12-08 11:13:22.141] [cli] [info] Scanned user extensions: 22
[2018-12-08 11:13:22.553] [cli] [info] Installing extension: csharpextensions
[2018-12-08 11:13:22.719] [cli] [info] Scanned user extensions: 22
[2018-12-08 11:13:24.238] [cli] [info] Downloaded extension: csharpextensions /tmp/c80a45ab-6ff2-4108-af17-23924299d91e
[2018-12-08 11:13:24.364] [cli] [info] Extracted extension to /home/damien/.vscode/extensions/.jchannon.csharpextensions-1.3.0: jchannon.csharpextensions-1.3.0
[2018-12-08 11:13:24.364] [cli] [info] Renamed to /home/damien/.vscode/extensions/jchannon.csharpextensions-1.3.0
[2018-12-08 11:13:24.364] [cli] [info] Installation completed. jchannon.csharpextensions-1.3.0
[2018-12-08 11:13:24.378] [cli] [info] Extensions installed successfully: jchannon.csharpextensions
[2018-12-08 11:13:25.575] [cli] [info] main {"_":[],"help":false,"h":false,"version":false,"v":false,"wait":false,"w":false,"diff":false,"d":false,"add":false,"a":false,"goto":false,"g":false,"new-window":false,"n":false,"unity-launch":false,"reuse-window":false,"r":false,"open-url":false,"performance":false,"p":false,"prof-startup":false,"verbose":false,"logExtensionHostCommunication":false,"disable-extensions":false,"disableExtensions":false,"list-extensions":false,"show-versions":false,"nolazy":false,"issue":false,"skip-getting-started":false,"skip-release-notes":false,"sticky-quickopen":false,"disable-restore-windows":false,"disable-telemetry":false,"disable-updates":false,"disable-crash-reporter":false,"skip-add-to-recently-opened":false,"status":false,"s":false,"file-write":false,"file-chmod":false,"driver-verbose":false,"trace":false,"install-extension":"Leopotam.csharpfixformat"}
[2018-12-08 11:13:25.621] [cli] [info] Scanned user extensions: 23
[2018-12-08 11:13:26.465] [cli] [info] Installing extension: csharpfixformat
[2018-12-08 11:13:26.630] [cli] [info] Scanned user extensions: 23
[2018-12-08 11:13:28.010] [cli] [info] Downloaded extension: csharpfixformat /tmp/3753599c-0b26-40b1-8d19-f1519e8ea3d7
[2018-12-08 11:13:28.056] [cli] [info] Extracted extension to /home/damien/.vscode/extensions/.leopotam.csharpfixformat-0.0.76: leopotam.csharpfixformat-0.0.76
[2018-12-08 11:13:28.057] [cli] [info] Renamed to /home/damien/.vscode/extensions/leopotam.csharpfixformat-0.0.76
[2018-12-08 11:13:28.057] [cli] [info] Installation completed. leopotam.csharpfixformat-0.0.76
[2018-12-08 11:13:28.071] [cli] [info] Extensions installed successfully: leopotam.csharpfixformat
[2018-12-08 11:13:29.440] [cli] [info] main {"_":[],"help":false,"h":false,"version":false,"v":false,"wait":false,"w":false,"diff":false,"d":false,"add":false,"a":false,"goto":false,"g":false,"new-window":false,"n":false,"unity-launch":false,"reuse-window":false,"r":false,"open-url":false,"performance":false,"p":false,"prof-startup":false,"verbose":false,"logExtensionHostCommunication":false,"disable-extensions":false,"disableExtensions":false,"list-extensions":false,"show-versions":false,"nolazy":false,"issue":false,"skip-getting-started":false,"skip-release-notes":false,"sticky-quickopen":false,"disable-restore-windows":false,"disable-telemetry":false,"disable-updates":false,"disable-crash-reporter":false,"skip-add-to-recently-opened":false,"status":false,"s":false,"file-write":false,"file-chmod":false,"driver-verbose":false,"trace":false,"install-extension":"dunstontc.dark-plus-syntax"}
[2018-12-08 11:13:29.486] [cli] [info] Scanned user extensions: 24
[2018-12-08 11:13:30.459] [cli] [info] Installing extension: dark-plus-syntax
[2018-12-08 11:13:30.645] [cli] [info] Scanned user extensions: 24
[2018-12-08 11:13:31.600] [cli] [info] Downloaded extension: dark-plus-syntax /tmp/3b8c8d20-bf10-42b1-a44d-2853be9a8d4a
[2018-12-08 11:13:31.645] [cli] [info] Extracted extension to /home/damien/.vscode/extensions/.dunstontc.dark-plus-syntax-0.0.147: dunstontc.dark-plus-syntax-0.0.147
[2018-12-08 11:13:31.645] [cli] [info] Renamed to /home/damien/.vscode/extensions/dunstontc.dark-plus-syntax-0.0.147
[2018-12-08 11:13:31.645] [cli] [info] Installation completed. dunstontc.dark-plus-syntax-0.0.147
[2018-12-08 11:13:31.657] [cli] [info] Extensions installed successfully: dunstontc.dark-plus-syntax
[2018-12-08 11:13:32.837] [cli] [info] main {"_":[],"help":false,"h":false,"version":false,"v":false,"wait":false,"w":false,"diff":false,"d":false,"add":false,"a":false,"goto":false,"g":false,"new-window":false,"n":false,"unity-launch":false,"reuse-window":false,"r":false,"open-url":false,"performance":false,"p":false,"prof-startup":false,"verbose":false,"logExtensionHostCommunication":false,"disable-extensions":false,"disableExtensions":false,"list-extensions":false,"show-versions":false,"nolazy":false,"issue":false,"skip-getting-started":false,"skip-release-notes":false,"sticky-quickopen":false,"disable-restore-windows":false,"disable-telemetry":false,"disable-updates":false,"disable-crash-reporter":false,"skip-add-to-recently-opened":false,"status":false,"s":false,"file-write":false,"file-chmod":false,"driver-verbose":false,"trace":false,"install-extension":"msjsdiag.debugger-for-chrome"}
[2018-12-08 11:13:32.885] [cli] [info] Scanned user extensions: 25
[2018-12-08 11:13:34.889] [cli] [info] main {"_":[],"help":false,"h":false,"version":false,"v":false,"wait":false,"w":false,"diff":false,"d":false,"add":false,"a":false,"goto":false,"g":false,"new-window":false,"n":false,"unity-launch":false,"reuse-window":false,"r":false,"open-url":false,"performance":false,"p":false,"prof-startup":false,"verbose":false,"logExtensionHostCommunication":false,"disable-extensions":false,"disableExtensions":false,"list-extensions":false,"show-versions":false,"nolazy":false,"issue":false,"skip-getting-started":false,"skip-release-notes":false,"sticky-quickopen":false,"disable-restore-windows":false,"disable-telemetry":false,"disable-updates":false,"disable-crash-reporter":false,"skip-add-to-recently-opened":false,"status":false,"s":false,"file-write":false,"file-chmod":false,"driver-verbose":false,"trace":false,"install-extension":"EditorConfig.EditorConfig"}
[2018-12-08 11:13:34.936] [cli] [info] Scanned user extensions: 25
[2018-12-08 11:13:40.218] [cli] [info] main {"_":[],"help":false,"h":false,"version":false,"v":false,"wait":false,"w":false,"diff":false,"d":false,"add":false,"a":false,"goto":false,"g":false,"new-window":false,"n":false,"unity-launch":false,"reuse-window":false,"r":false,"open-url":false,"performance":false,"p":false,"prof-startup":false,"verbose":false,"logExtensionHostCommunication":false,"disable-extensions":false,"disableExtensions":false,"list-extensions":false,"show-versions":false,"nolazy":false,"issue":false,"skip-getting-started":false,"skip-release-notes":false,"sticky-quickopen":false,"disable-restore-windows":false,"disable-telemetry":false,"disable-updates":false,"disable-crash-reporter":false,"skip-add-to-recently-opened":false,"status":false,"s":false,"file-write":false,"file-chmod":false,"driver-verbose":false,"trace":false,"install-extension":"eamodio.gitlens"}
[2018-12-08 11:13:40.265] [cli] [info] Scanned user extensions: 25
[2018-12-08 11:13:40.968] [cli] [info] Installing extension: gitlens
[2018-12-08 11:13:41.151] [cli] [info] Scanned user extensions: 25
[2018-12-08 11:13:42.380] [cli] [info] Downloaded extension: gitlens /tmp/15c4d098-d06f-41f9-b94e-68e0d2321e3c
[2018-12-08 11:13:42.568] [cli] [info] Extracted extension to /home/damien/.vscode/extensions/.eamodio.gitlens-9.0.3: eamodio.gitlens-9.0.3
[2018-12-08 11:13:42.568] [cli] [info] Renamed to /home/damien/.vscode/extensions/eamodio.gitlens-9.0.3
[2018-12-08 11:13:42.568] [cli] [info] Installation completed. eamodio.gitlens-9.0.3
[2018-12-08 11:13:42.591] [cli] [info] Extensions installed successfully: eamodio.gitlens
[2018-12-08 11:13:43.891] [cli] [info] main {"_":[],"help":false,"h":false,"version":false,"v":false,"wait":false,"w":false,"diff":false,"d":false,"add":false,"a":false,"goto":false,"g":false,"new-window":false,"n":false,"unity-launch":false,"reuse-window":false,"r":false,"open-url":false,"performance":false,"p":false,"prof-startup":false,"verbose":false,"logExtensionHostCommunication":false,"disable-extensions":false,"disableExtensions":false,"list-extensions":false,"show-versions":false,"nolazy":false,"issue":false,"skip-getting-started":false,"skip-release-notes":false,"sticky-quickopen":false,"disable-restore-windows":false,"disable-telemetry":false,"disable-updates":false,"disable-crash-reporter":false,"skip-add-to-recently-opened":false,"status":false,"s":false,"file-write":false,"file-chmod":false,"driver-verbose":false,"trace":false,"install-extension":"oderwat.indent-rainbow"}
[2018-12-08 11:13:43.940] [cli] [info] Scanned user extensions: 26
[2018-12-08 11:13:44.598] [cli] [info] Installing extension: indent-rainbow
[2018-12-08 11:13:44.779] [cli] [info] Scanned user extensions: 26
[2018-12-08 11:13:46.962] [cli] [info] Downloaded extension: indent-rainbow /tmp/ce0dade3-b533-43b2-9582-ec3560d10bf4
[2018-12-08 11:13:48.236] [cli] [info] Extracted extension to /home/damien/.vscode/extensions/.oderwat.indent-rainbow-7.2.4: oderwat.indent-rainbow-7.2.4
[2018-12-08 11:13:48.236] [cli] [info] Renamed to /home/damien/.vscode/extensions/oderwat.indent-rainbow-7.2.4
[2018-12-08 11:13:48.236] [cli] [info] Installation completed. oderwat.indent-rainbow-7.2.4
[2018-12-08 11:13:48.252] [cli] [info] Extensions installed successfully: oderwat.indent-rainbow
[2018-12-08 11:13:49.245] [cli] [info] main {"_":[],"help":false,"h":false,"version":false,"v":false,"wait":false,"w":false,"diff":false,"d":false,"add":false,"a":false,"goto":false,"g":false,"new-window":false,"n":false,"unity-launch":false,"reuse-window":false,"r":false,"open-url":false,"performance":false,"p":false,"prof-startup":false,"verbose":false,"logExtensionHostCommunication":false,"disable-extensions":false,"disableExtensions":false,"list-extensions":false,"show-versions":false,"nolazy":false,"issue":false,"skip-getting-started":false,"skip-release-notes":false,"sticky-quickopen":false,"disable-restore-windows":false,"disable-telemetry":false,"disable-updates":false,"disable-crash-reporter":false,"skip-add-to-recently-opened":false,"status":false,"s":false,"file-write":false,"file-chmod":false,"driver-verbose":false,"trace":false,"install-extension":"Ionide.Ionide-fsharp"}
[2018-12-08 11:13:49.294] [cli] [info] Scanned user extensions: 27
[2018-12-08 11:13:49.626] [cli] [info] Installing extension: Ionide-fsharp
[2018-12-08 11:13:49.799] [cli] [info] Scanned user extensions: 27
[2018-12-08 11:13:55.794] [cli] [info] Downloaded extension: Ionide-fsharp /tmp/a70dbfa2-06ad-4a15-9111-c9ccb93a1605
[2018-12-08 11:13:56.645] [cli] [info] Extracted extension to /home/damien/.vscode/extensions/.ionide.ionide-fsharp-3.30.0: ionide.ionide-fsharp-3.30.0
[2018-12-08 11:13:56.646] [cli] [info] Renamed to /home/damien/.vscode/extensions/ionide.ionide-fsharp-3.30.0
[2018-12-08 11:13:56.646] [cli] [info] Installation completed. ionide.ionide-fsharp-3.30.0
[2018-12-08 11:13:56.705] [cli] [info] Scanned user extensions: 28
[2018-12-08 11:13:56.716] [cli] [info] Scanned system extensions: 71
[2018-12-08 11:13:56.717] [cli] [info] Extensions installed successfully: ionide.ionide-fsharp
[2018-12-08 11:13:57.814] [cli] [info] main {"_":[],"help":false,"h":false,"version":false,"v":false,"wait":false,"w":false,"diff":false,"d":false,"add":false,"a":false,"goto":false,"g":false,"new-window":false,"n":false,"unity-launch":false,"reuse-window":false,"r":false,"open-url":false,"performance":false,"p":false,"prof-startup":false,"verbose":false,"logExtensionHostCommunication":false,"disable-extensions":false,"disableExtensions":false,"list-extensions":false,"show-versions":false,"nolazy":false,"issue":false,"skip-getting-started":false,"skip-release-notes":false,"sticky-quickopen":false,"disable-restore-windows":false,"disable-telemetry":false,"disable-updates":false,"disable-crash-reporter":false,"skip-add-to-recently-opened":false,"status":false,"s":false,"file-write":false,"file-chmod":false,"driver-verbose":false,"trace":false,"install-extension":"James-Yu.latex-workshop"}
[2018-12-08 11:13:57.865] [cli] [info] Scanned user extensions: 28
[2018-12-08 11:13:58.308] [cli] [info] Installing extension: latex-workshop
[2018-12-08 11:13:58.478] [cli] [info] Scanned user extensions: 28
[2018-12-08 11:14:00.977] [cli] [info] Downloaded extension: latex-workshop /tmp/3d93bc4a-6c6e-4a5f-97c3-a58c097dad3f
[2018-12-08 11:14:03.188] [cli] [info] Extracted extension to /home/damien/.vscode/extensions/.james-yu.latex-workshop-5.17.3: james-yu.latex-workshop-5.17.3
[2018-12-08 11:14:03.188] [cli] [info] Renamed to /home/damien/.vscode/extensions/james-yu.latex-workshop-5.17.3
[2018-12-08 11:14:03.188] [cli] [info] Installation completed. james-yu.latex-workshop-5.17.3
[2018-12-08 11:14:03.207] [cli] [info] Extensions installed successfully: james-yu.latex-workshop
[2018-12-08 11:14:04.476] [cli] [info] main {"_":[],"help":false,"h":false,"version":false,"v":false,"wait":false,"w":false,"diff":false,"d":false,"add":false,"a":false,"goto":false,"g":false,"new-window":false,"n":false,"unity-launch":false,"reuse-window":false,"r":false,"open-url":false,"performance":false,"p":false,"prof-startup":false,"verbose":false,"logExtensionHostCommunication":false,"disable-extensions":false,"disableExtensions":false,"list-extensions":false,"show-versions":false,"nolazy":false,"issue":false,"skip-getting-started":false,"skip-release-notes":false,"sticky-quickopen":false,"disable-restore-windows":false,"disable-telemetry":false,"disable-updates":false,"disable-crash-reporter":false,"skip-add-to-recently-opened":false,"status":false,"s":false,"file-write":false,"file-chmod":false,"driver-verbose":false,"trace":false,"install-extension":"PKief.material-icon-theme"}
[2018-12-08 11:14:04.528] [cli] [info] Scanned user extensions: 29
[2018-12-08 11:14:06.364] [cli] [info] main {"_":[],"help":false,"h":false,"version":false,"v":false,"wait":false,"w":false,"diff":false,"d":false,"add":false,"a":false,"goto":false,"g":false,"new-window":false,"n":false,"unity-launch":false,"reuse-window":false,"r":false,"open-url":false,"performance":false,"p":false,"prof-startup":false,"verbose":false,"logExtensionHostCommunication":false,"disable-extensions":false,"disableExtensions":false,"list-extensions":false,"show-versions":false,"nolazy":false,"issue":false,"skip-getting-started":false,"skip-release-notes":false,"sticky-quickopen":false,"disable-restore-windows":false,"disable-telemetry":false,"disable-updates":false,"disable-crash-reporter":false,"skip-add-to-recently-opened":false,"status":false,"s":false,"file-write":false,"file-chmod":false,"driver-verbose":false,"trace":false,"install-extension":"zhuangtongfa.Material-theme"}
[2018-12-08 11:14:06.424] [cli] [info] Scanned user extensions: 29
[2018-12-08 11:14:07.321] [cli] [info] Installing extension: Material-theme
[2018-12-08 11:14:07.502] [cli] [info] Scanned user extensions: 29
[2018-12-08 11:14:08.748] [cli] [info] Downloaded extension: Material-theme /tmp/e357fdee-c08e-401a-aa7d-1727c0c8c412
[2018-12-08 11:14:08.791] [cli] [info] Extracted extension to /home/damien/.vscode/extensions/.zhuangtongfa.material-theme-2.17.7: zhuangtongfa.material-theme-2.17.7
[2018-12-08 11:14:08.791] [cli] [info] Renamed to /home/damien/.vscode/extensions/zhuangtongfa.material-theme-2.17.7
[2018-12-08 11:14:08.791] [cli] [info] Installation completed. zhuangtongfa.material-theme-2.17.7
[2018-12-08 11:14:08.796] [cli] [info] Extensions installed successfully: zhuangtongfa.material-theme
[2018-12-08 11:14:10.000] [cli] [info] main {"_":[],"help":false,"h":false,"version":false,"v":false,"wait":false,"w":false,"diff":false,"d":false,"add":false,"a":false,"goto":false,"g":false,"new-window":false,"n":false,"unity-launch":false,"reuse-window":false,"r":false,"open-url":false,"performance":false,"p":false,"prof-startup":false,"verbose":false,"logExtensionHostCommunication":false,"disable-extensions":false,"disableExtensions":false,"list-extensions":false,"show-versions":false,"nolazy":false,"issue":false,"skip-getting-started":false,"skip-release-notes":false,"sticky-quickopen":false,"disable-restore-windows":false,"disable-telemetry":false,"disable-updates":false,"disable-crash-reporter":false,"skip-add-to-recently-opened":false,"status":false,"s":false,"file-write":false,"file-chmod":false,"driver-verbose":false,"trace":false,"install-extension":"Angular.ng-template"}
[2018-12-08 11:14:10.051] [cli] [info] Scanned user extensions: 30
[2018-12-08 11:14:11.981] [cli] [info] main {"_":[],"help":false,"h":false,"version":false,"v":false,"wait":false,"w":false,"diff":false,"d":false,"add":false,"a":false,"goto":false,"g":false,"new-window":false,"n":false,"unity-launch":false,"reuse-window":false,"r":false,"open-url":false,"performance":false,"p":false,"prof-startup":false,"verbose":false,"logExtensionHostCommunication":false,"disable-extensions":false,"disableExtensions":false,"list-extensions":false,"show-versions":false,"nolazy":false,"issue":false,"skip-getting-started":false,"skip-release-notes":false,"sticky-quickopen":false,"disable-restore-windows":false,"disable-telemetry":false,"disable-updates":false,"disable-crash-reporter":false,"skip-add-to-recently-opened":false,"status":false,"s":false,"file-write":false,"file-chmod":false,"driver-verbose":false,"trace":false,"install-extension":"christian-kohler.path-intellisense"}
[2018-12-08 11:14:12.034] [cli] [info] Scanned user extensions: 30
[2018-12-08 11:14:13.898] [cli] [info] main {"_":[],"help":false,"h":false,"version":false,"v":false,"wait":false,"w":false,"diff":false,"d":false,"add":false,"a":false,"goto":false,"g":false,"new-window":false,"n":false,"unity-launch":false,"reuse-window":false,"r":false,"open-url":false,"performance":false,"p":false,"prof-startup":false,"verbose":false,"logExtensionHostCommunication":false,"disable-extensions":false,"disableExtensions":false,"list-extensions":false,"show-versions":false,"nolazy":false,"issue":false,"skip-getting-started":false,"skip-release-notes":false,"sticky-quickopen":false,"disable-restore-windows":false,"disable-telemetry":false,"disable-updates":false,"disable-crash-reporter":false,"skip-add-to-recently-opened":false,"status":false,"s":false,"file-write":false,"file-chmod":false,"driver-verbose":false,"trace":false,"install-extension":"esbenp.prettier-vscode"}
[2018-12-08 11:14:13.955] [cli] [info] Scanned user extensions: 30
[2018-12-08 11:14:15.668] [cli] [info] main {"_":[],"help":false,"h":false,"version":false,"v":false,"wait":false,"w":false,"diff":false,"d":false,"add":false,"a":false,"goto":false,"g":false,"new-window":false,"n":false,"unity-launch":false,"reuse-window":false,"r":false,"open-url":false,"performance":false,"p":false,"prof-startup":false,"verbose":false,"logExtensionHostCommunication":false,"disable-extensions":false,"disableExtensions":false,"list-extensions":false,"show-versions":false,"nolazy":false,"issue":false,"skip-getting-started":false,"skip-release-notes":false,"sticky-quickopen":false,"disable-restore-windows":false,"disable-telemetry":false,"disable-updates":false,"disable-crash-reporter":false,"skip-add-to-recently-opened":false,"status":false,"s":false,"file-write":false,"file-chmod":false,"driver-verbose":false,"trace":false,"install-extension":"ms-python.python"}
[2018-12-08 11:14:15.723] [cli] [info] Scanned user extensions: 30
[2018-12-08 11:14:16.544] [cli] [info] Installing extension: python
[2018-12-08 11:14:16.733] [cli] [info] Scanned user extensions: 30
[2018-12-08 11:14:20.087] [cli] [info] Downloaded extension: python /tmp/0b6a84f5-b317-46e2-8c0b-33349c8be01b
[2018-12-08 11:14:20.641] [cli] [info] Extracted extension to /home/damien/.vscode/extensions/.ms-python.python-2018.11.0: ms-python.python-2018.11.0
[2018-12-08 11:14:20.641] [cli] [info] Renamed to /home/damien/.vscode/extensions/ms-python.python-2018.11.0
[2018-12-08 11:14:20.641] [cli] [info] Installation completed. ms-python.python-2018.11.0
[2018-12-08 11:14:20.666] [cli] [info] Extensions installed successfully: ms-python.python
[2018-12-08 11:14:21.996] [cli] [info] main {"_":[],"help":false,"h":false,"version":false,"v":false,"wait":false,"w":false,"diff":false,"d":false,"add":false,"a":false,"goto":false,"g":false,"new-window":false,"n":false,"unity-launch":false,"reuse-window":false,"r":false,"open-url":false,"performance":false,"p":false,"prof-startup":false,"verbose":false,"logExtensionHostCommunication":false,"disable-extensions":false,"disableExtensions":false,"list-extensions":false,"show-versions":false,"nolazy":false,"issue":false,"skip-getting-started":false,"skip-release-notes":false,"sticky-quickopen":false,"disable-restore-windows":false,"disable-telemetry":false,"disable-updates":false,"disable-crash-reporter":false,"skip-add-to-recently-opened":false,"status":false,"s":false,"file-write":false,"file-chmod":false,"driver-verbose":false,"trace":false,"install-extension":"quicktype.quicktype"}
[2018-12-08 11:14:22.049] [cli] [info] Scanned user extensions: 31
[2018-12-08 11:14:22.385] [cli] [info] Installing extension: quicktype
[2018-12-08 11:14:22.561] [cli] [info] Scanned user extensions: 31
[2018-12-08 11:14:27.866] [cli] [info] Downloaded extension: quicktype /tmp/65ce55ae-c853-40e2-90bf-860ac67b3b26
[2018-12-08 11:14:29.140] [cli] [info] Extracted extension to /home/damien/.vscode/extensions/.quicktype.quicktype-12.0.46: quicktype.quicktype-12.0.46
[2018-12-08 11:14:29.140] [cli] [info] Renamed to /home/damien/.vscode/extensions/quicktype.quicktype-12.0.46
[2018-12-08 11:14:29.141] [cli] [info] Installation completed. quicktype.quicktype-12.0.46
[2018-12-08 11:14:29.168] [cli] [info] Extensions installed successfully: quicktype.quicktype
[2018-12-08 11:14:30.623] [cli] [info] main {"_":[],"help":false,"h":false,"version":false,"v":false,"wait":false,"w":false,"diff":false,"d":false,"add":false,"a":false,"goto":false,"g":false,"new-window":false,"n":false,"unity-launch":false,"reuse-window":false,"r":false,"open-url":false,"performance":false,"p":false,"prof-startup":false,"verbose":false,"logExtensionHostCommunication":false,"disable-extensions":false,"disableExtensions":false,"list-extensions":false,"show-versions":false,"nolazy":false,"issue":false,"skip-getting-started":false,"skip-release-notes":false,"sticky-quickopen":false,"disable-restore-windows":false,"disable-telemetry":false,"disable-updates":false,"disable-crash-reporter":false,"skip-add-to-recently-opened":false,"status":false,"s":false,"file-write":false,"file-chmod":false,"driver-verbose":false,"trace":false,"install-extension":"eg2.tslint"}
[2018-12-08 11:14:30.679] [cli] [info] Scanned user extensions: 32
[2018-12-08 11:14:32.565] [cli] [info] main {"_":[],"help":false,"h":false,"version":false,"v":false,"wait":false,"w":false,"diff":false,"d":false,"add":false,"a":false,"goto":false,"g":false,"new-window":false,"n":false,"unity-launch":false,"reuse-window":false,"r":false,"open-url":false,"performance":false,"p":false,"prof-startup":false,"verbose":false,"logExtensionHostCommunication":false,"disable-extensions":false,"disableExtensions":false,"list-extensions":false,"show-versions":false,"nolazy":false,"issue":false,"skip-getting-started":false,"skip-release-notes":false,"sticky-quickopen":false,"disable-restore-windows":false,"disable-telemetry":false,"disable-updates":false,"disable-crash-reporter":false,"skip-add-to-recently-opened":false,"status":false,"s":false,"file-write":false,"file-chmod":false,"driver-verbose":false,"trace":false,"install-extension":"vscodevim.vim"}
[2018-12-08 11:14:32.619] [cli] [info] Scanned user extensions: 32
[2018-12-08 11:14:33.022] [cli] [info] Installing extension: vim
[2018-12-08 11:14:33.200] [cli] [info] Scanned user extensions: 32
[2018-12-08 11:14:35.381] [cli] [info] Downloaded extension: vim /tmp/ae93eeab-fcd3-4120-b7cf-17378d444de7
[2018-12-08 11:14:36.482] [cli] [info] Extracted extension to /home/damien/.vscode/extensions/.vscodevim.vim-0.16.13: vscodevim.vim-0.16.13
[2018-12-08 11:14:36.482] [cli] [info] Renamed to /home/damien/.vscode/extensions/vscodevim.vim-0.16.13
[2018-12-08 11:14:36.482] [cli] [info] Installation completed. vscodevim.vim-0.16.13
[2018-12-08 11:14:36.505] [cli] [info] Extensions installed successfully: vscodevim.vim
[2018-12-08 11:14:37.663] [cli] [info] main {"_":[],"help":false,"h":false,"version":false,"v":false,"wait":false,"w":false,"diff":false,"d":false,"add":false,"a":false,"goto":false,"g":false,"new-window":false,"n":false,"unity-launch":false,"reuse-window":false,"r":false,"open-url":false,"performance":false,"p":false,"prof-startup":false,"verbose":false,"logExtensionHostCommunication":false,"disable-extensions":false,"disableExtensions":false,"list-extensions":false,"show-versions":false,"nolazy":false,"issue":false,"skip-getting-started":false,"skip-release-notes":false,"sticky-quickopen":false,"disable-restore-windows":false,"disable-telemetry":false,"disable-updates":false,"disable-crash-reporter":false,"skip-add-to-recently-opened":false,"status":false,"s":false,"file-write":false,"file-chmod":false,"driver-verbose":false,"trace":false,"install-extension":"dbaeumer.vscode-eslint"}
[2018-12-08 11:14:37.722] [cli] [info] Scanned user extensions: 33
[2018-12-08 11:14:38.656] [cli] [info] Installing extension: vscode-eslint
[2018-12-08 11:14:38.843] [cli] [info] Scanned user extensions: 33
[2018-12-08 11:14:39.525] [cli] [info] Downloaded extension: vscode-eslint /tmp/9210d501-6cfe-4f7a-a930-f3890aaddb61
[2018-12-08 11:14:39.665] [cli] [info] Extracted extension to /home/damien/.vscode/extensions/.dbaeumer.vscode-eslint-1.7.0: dbaeumer.vscode-eslint-1.7.0
[2018-12-08 11:14:39.666] [cli] [info] Renamed to /home/damien/.vscode/extensions/dbaeumer.vscode-eslint-1.7.0
[2018-12-08 11:14:39.666] [cli] [info] Installation completed. dbaeumer.vscode-eslint-1.7.0
[2018-12-08 11:14:39.679] [cli] [info] Extensions installed successfully: dbaeumer.vscode-eslint
[2018-12-08 11:14:40.858] [cli] [info] main {"_":[],"help":false,"h":false,"version":false,"v":false,"wait":false,"w":false,"diff":false,"d":false,"add":false,"a":false,"goto":false,"g":false,"new-window":false,"n":false,"unity-launch":false,"reuse-window":false,"r":false,"open-url":false,"performance":false,"p":false,"prof-startup":false,"verbose":false,"logExtensionHostCommunication":false,"disable-extensions":false,"disableExtensions":false,"list-extensions":false,"show-versions":false,"nolazy":false,"issue":false,"skip-getting-started":false,"skip-release-notes":false,"sticky-quickopen":false,"disable-restore-windows":false,"disable-telemetry":false,"disable-updates":false,"disable-crash-reporter":false,"skip-add-to-recently-opened":false,"status":false,"s":false,"file-write":false,"file-chmod":false,"driver-verbose":false,"trace":false,"install-extension":"ecmel.vscode-html-css"}
[2018-12-08 11:14:40.916] [cli] [info] Scanned user extensions: 34
[2018-12-08 11:14:41.731] [cli] [info] Installing extension: vscode-html-css
[2018-12-08 11:14:41.904] [cli] [info] Scanned user extensions: 34
[2018-12-08 11:14:43.873] [cli] [info] Downloaded extension: vscode-html-css /tmp/f4e56538-ec9b-4af3-890d-e7a8cb0a82cc
[2018-12-08 11:14:44.260] [cli] [info] Extracted extension to /home/damien/.vscode/extensions/.ecmel.vscode-html-css-0.2.0: ecmel.vscode-html-css-0.2.0
[2018-12-08 11:14:44.260] [cli] [info] Renamed to /home/damien/.vscode/extensions/ecmel.vscode-html-css-0.2.0
[2018-12-08 11:14:44.260] [cli] [info] Installation completed. ecmel.vscode-html-css-0.2.0
[2018-12-08 11:14:44.272] [cli] [info] Extensions installed successfully: ecmel.vscode-html-css
[2018-12-08 11:14:45.965] [cli] [info] main {"_":[],"help":false,"h":false,"version":false,"v":false,"wait":false,"w":false,"diff":false,"d":false,"add":false,"a":false,"goto":false,"g":false,"new-window":false,"n":false,"unity-launch":false,"reuse-window":false,"r":false,"open-url":false,"performance":false,"p":false,"prof-startup":false,"verbose":false,"logExtensionHostCommunication":false,"disable-extensions":false,"disableExtensions":false,"list-extensions":false,"show-versions":false,"nolazy":false,"issue":false,"skip-getting-started":false,"skip-release-notes":false,"sticky-quickopen":false,"disable-restore-windows":false,"disable-telemetry":false,"disable-updates":false,"disable-crash-reporter":false,"skip-add-to-recently-opened":false,"status":false,"s":false,"file-write":false,"file-chmod":false,"driver-verbose":false,"trace":false,"install-extension":"robertohuertasm.vscode-icons"}
[2018-12-08 11:14:46.021] [cli] [info] Scanned user extensions: 35
[2018-12-08 11:14:46.645] [cli] [info] Installing extension: vscode-icons
[2018-12-08 11:14:46.832] [cli] [info] Scanned user extensions: 35
[2018-12-08 11:14:48.879] [cli] [info] Downloaded extension: vscode-icons /tmp/5361e93f-f149-4bda-9310-b94fdd50f2d0
[2018-12-08 11:14:49.784] [cli] [info] Extracted extension to /home/damien/.vscode/extensions/.robertohuertasm.vscode-icons-7.28.0: robertohuertasm.vscode-icons-7.28.0
[2018-12-08 11:14:49.784] [cli] [info] Renamed to /home/damien/.vscode/extensions/robertohuertasm.vscode-icons-7.28.0
[2018-12-08 11:14:49.784] [cli] [info] Installation completed. robertohuertasm.vscode-icons-7.28.0
[2018-12-08 11:14:49.801] [cli] [info] Extensions installed successfully: robertohuertasm.vscode-icons
[2018-12-08 11:14:51.186] [cli] [info] main {"_":[],"help":false,"h":false,"version":false,"v":false,"wait":false,"w":false,"diff":false,"d":false,"add":false,"a":false,"goto":false,"g":false,"new-window":false,"n":false,"unity-launch":false,"reuse-window":false,"r":false,"open-url":false,"performance":false,"p":false,"prof-startup":false,"verbose":false,"logExtensionHostCommunication":false,"disable-extensions":false,"disableExtensions":false,"list-extensions":false,"show-versions":false,"nolazy":false,"issue":false,"skip-getting-started":false,"skip-release-notes":false,"sticky-quickopen":false,"disable-restore-windows":false,"disable-telemetry":false,"disable-updates":false,"disable-crash-reporter":false,"skip-add-to-recently-opened":false,"status":false,"s":false,"file-write":false,"file-chmod":false,"driver-verbose":false,"trace":false,"install-extension":"eg2.vscode-npm-script"}
[2018-12-08 11:14:51.251] [cli] [info] Scanned user extensions: 36
[2018-12-08 11:14:53.333] [cli] [info] main {"_":[],"help":false,"h":false,"version":false,"v":false,"wait":false,"w":false,"diff":false,"d":false,"add":false,"a":false,"goto":false,"g":false,"new-window":false,"n":false,"unity-launch":false,"reuse-window":false,"r":false,"open-url":false,"performance":false,"p":false,"prof-startup":false,"verbose":false,"logExtensionHostCommunication":false,"disable-extensions":false,"disableExtensions":false,"list-extensions":false,"show-versions":false,"nolazy":false,"issue":false,"skip-getting-started":false,"skip-release-notes":false,"sticky-quickopen":false,"disable-restore-windows":false,"disable-telemetry":false,"disable-updates":false,"disable-crash-reporter":false,"skip-add-to-recently-opened":false,"status":false,"s":false,"file-write":false,"file-chmod":false,"driver-verbose":false,"trace":false,"install-extension":"shyykoserhiy.vscode-spotify"}
[2018-12-08 11:14:53.395] [cli] [info] Scanned user extensions: 36
[2018-12-08 11:14:54.097] [cli] [info] Installing extension: vscode-spotify
[2018-12-08 11:14:54.282] [cli] [info] Scanned user extensions: 36
[2018-12-08 11:14:56.784] [cli] [info] Downloaded extension: vscode-spotify /tmp/29eaeba2-4b41-4626-b542-6e916e5cc9e4
[2018-12-08 11:14:58.013] [cli] [info] Extracted extension to /home/damien/.vscode/extensions/.shyykoserhiy.vscode-spotify-3.1.0: shyykoserhiy.vscode-spotify-3.1.0
[2018-12-08 11:14:58.013] [cli] [info] Renamed to /home/damien/.vscode/extensions/shyykoserhiy.vscode-spotify-3.1.0
[2018-12-08 11:14:58.013] [cli] [info] Installation completed. shyykoserhiy.vscode-spotify-3.1.0
[2018-12-08 11:14:58.027] [cli] [info] Extensions installed successfully: shyykoserhiy.vscode-spotify
[2018-12-08 11:14:59.259] [cli] [info] main {"_":[],"help":false,"h":false,"version":false,"v":false,"wait":false,"w":false,"diff":false,"d":false,"add":false,"a":false,"goto":false,"g":false,"new-window":false,"n":false,"unity-launch":false,"reuse-window":false,"r":false,"open-url":false,"performance":false,"p":false,"prof-startup":false,"verbose":false,"logExtensionHostCommunication":false,"disable-extensions":false,"disableExtensions":false,"list-extensions":false,"show-versions":false,"nolazy":false,"issue":false,"skip-getting-started":false,"skip-release-notes":false,"sticky-quickopen":false,"disable-restore-windows":false,"disable-telemetry":false,"disable-updates":false,"disable-crash-reporter":false,"skip-add-to-recently-opened":false,"status":false,"s":false,"file-write":false,"file-chmod":false,"driver-verbose":false,"trace":false,"install-extension":"VisualStudioExptTeam.vscodeintellicode"}
[2018-12-08 11:14:59.317] [cli] [info] Scanned user extensions: 37
[2018-12-08 11:15:00.166] [cli] [info] Installing extension: vscodeintellicode
[2018-12-08 11:15:00.370] [cli] [info] Scanned user extensions: 37
[2018-12-08 11:15:02.920] [cli] [info] Downloaded extension: vscodeintellicode /tmp/133a560b-eec7-4b82-8d69-fa0aeac8a771
[2018-12-08 11:15:04.126] [cli] [info] Extracted extension to /home/damien/.vscode/extensions/.visualstudioexptteam.vscodeintellicode-1.1.0: visualstudioexptteam.vscodeintellicode-1.1.0
[2018-12-08 11:15:04.126] [cli] [info] Renamed to /home/damien/.vscode/extensions/visualstudioexptteam.vscodeintellicode-1.1.0
[2018-12-08 11:15:04.126] [cli] [info] Installation completed. visualstudioexptteam.vscodeintellicode-1.1.0
[2018-12-08 11:15:04.147] [cli] [info] Extensions installed successfully: visualstudioexptteam.vscodeintellicode
[2018-12-08 11:15:05.310] [cli] [info] main {"_":[],"help":false,"h":false,"version":false,"v":false,"wait":false,"w":false,"diff":false,"d":false,"add":false,"a":false,"goto":false,"g":false,"new-window":false,"n":false,"unity-launch":false,"reuse-window":false,"r":false,"open-url":false,"performance":false,"p":false,"prof-startup":false,"verbose":false,"logExtensionHostCommunication":false,"disable-extensions":false,"disableExtensions":false,"list-extensions":false,"show-versions":false,"nolazy":false,"issue":false,"skip-getting-started":false,"skip-release-notes":false,"sticky-quickopen":false,"disable-restore-windows":false,"disable-telemetry":false,"disable-updates":false,"disable-crash-reporter":false,"skip-add-to-recently-opened":false,"status":false,"s":false,"file-write":false,"file-chmod":false,"driver-verbose":false,"trace":false,"install-extension":"johnpapa.winteriscoming"}
[2018-12-08 11:15:05.368] [cli] [info] Scanned user extensions: 38
