COMMAND LINE EXTENSION DOWNLOAD SUMMARY
--------------------
TOTAL EXTENSIONS : 37


"/usr/share/code/bin/code" --install-extension johnpapa.angular-essentials
Found 'johnpapa.angular-essentials' in the marketplace.
Installing...
Extension 'johnpapa.angular-essentials' v0.4.0 was successfully installed!


EXTENSION : 1 / 37 INSTALLED.


"/usr/share/code/bin/code" --install-extension johnpapa.Angular2
Extension 'johnpapa.Angular2' is already installed.


EXTENSION : 2 / 37 INSTALLED.


"/usr/share/code/bin/code" --install-extension natewallace.angular2-inline
Extension 'natewallace.angular2-inline' is already installed.


EXTENSION : 3 / 37 INSTALLED.


"/usr/share/code/bin/code" --install-extension wart.ariake-dark
Found 'wart.ariake-dark' in the marketplace.
Installing...
Extension 'wart.ariake-dark' v0.1.1 was successfully installed!


EXTENSION : 4 / 37 INSTALLED.


"/usr/share/code/bin/code" --install-extension formulahendry.auto-close-tag
Found 'formulahendry.auto-close-tag' in the marketplace.
Installing...
Extension 'formulahendry.auto-close-tag' v0.5.6 was successfully installed!


EXTENSION : 5 / 37 INSTALLED.


"/usr/share/code/bin/code" --install-extension teabyii.ayu
Found 'teabyii.ayu' in the marketplace.
Installing...
Extension 'teabyii.ayu' v0.17.0 was successfully installed!


EXTENSION : 6 / 37 INSTALLED.


"/usr/share/code/bin/code" --install-extension CoenraadS.bracket-pair-colorizer
Found 'CoenraadS.bracket-pair-colorizer' in the marketplace.
Installing...
Extension 'CoenraadS.bracket-pair-colorizer' v1.0.61 was successfully installed!


EXTENSION : 7 / 37 INSTALLED.


"/usr/share/code/bin/code" --install-extension ericadamski.carbon-now-sh
Found 'ericadamski.carbon-now-sh' in the marketplace.
Installing...
Extension 'ericadamski.carbon-now-sh' v1.2.0 was successfully installed!


EXTENSION : 8 / 37 INSTALLED.


"/usr/share/code/bin/code" --install-extension streetsidesoftware.code-spell-checker
Found 'streetsidesoftware.code-spell-checker' in the marketplace.
Installing...
Extension 'streetsidesoftware.code-spell-checker' v1.6.10 was successfully installed!


EXTENSION : 9 / 37 INSTALLED.


"/usr/share/code/bin/code" --install-extension streetsidesoftware.code-spell-checker-german
Found 'streetsidesoftware.code-spell-checker-german' in the marketplace.
Installing...
Extension 'streetsidesoftware.code-spell-checker-german' v0.1.2 was successfully installed!


EXTENSION : 10 / 37 INSTALLED.


"/usr/share/code/bin/code" --install-extension ms-vscode.cpptools
Found 'ms-vscode.cpptools' in the marketplace.
Installing...
Extension 'ms-vscode.cpptools' v0.20.1 was successfully installed!


EXTENSION : 11 / 37 INSTALLED.


"/usr/share/code/bin/code" --install-extension ms-vscode.csharp
Found 'ms-vscode.csharp' in the marketplace.
Installing...
Extension 'ms-vscode.csharp' v1.17.1 was successfully installed!


EXTENSION : 12 / 37 INSTALLED.


"/usr/share/code/bin/code" --install-extension jchannon.csharpextensions
Found 'jchannon.csharpextensions' in the marketplace.
Installing...
Extension 'jchannon.csharpextensions' v1.3.0 was successfully installed!


EXTENSION : 13 / 37 INSTALLED.


"/usr/share/code/bin/code" --install-extension Leopotam.csharpfixformat
Found 'Leopotam.csharpfixformat' in the marketplace.
Installing...
Extension 'Leopotam.csharpfixformat' v0.0.76 was successfully installed!


EXTENSION : 14 / 37 INSTALLED.


"/usr/share/code/bin/code" --install-extension dunstontc.dark-plus-syntax
Found 'dunstontc.dark-plus-syntax' in the marketplace.
Installing...
Extension 'dunstontc.dark-plus-syntax' v0.0.147 was successfully installed!


EXTENSION : 15 / 37 INSTALLED.


"/usr/share/code/bin/code" --install-extension msjsdiag.debugger-for-chrome
Extension 'msjsdiag.debugger-for-chrome' is already installed.


EXTENSION : 16 / 37 INSTALLED.


"/usr/share/code/bin/code" --install-extension EditorConfig.EditorConfig
Extension 'EditorConfig.EditorConfig' is already installed.


EXTENSION : 17 / 37 INSTALLED.


"/usr/share/code/bin/code" --install-extension eamodio.gitlens
Found 'eamodio.gitlens' in the marketplace.
Installing...
Extension 'eamodio.gitlens' v9.0.3 was successfully installed!


EXTENSION : 18 / 37 INSTALLED.


"/usr/share/code/bin/code" --install-extension oderwat.indent-rainbow
Found 'oderwat.indent-rainbow' in the marketplace.
Installing...
Extension 'oderwat.indent-rainbow' v7.2.4 was successfully installed!


EXTENSION : 19 / 37 INSTALLED.


"/usr/share/code/bin/code" --install-extension Ionide.Ionide-fsharp
Found 'Ionide.Ionide-fsharp' in the marketplace.
Installing...
Extension 'Ionide.Ionide-fsharp' v3.30.0 was successfully installed!


EXTENSION : 20 / 37 INSTALLED.


"/usr/share/code/bin/code" --install-extension James-Yu.latex-workshop
Found 'James-Yu.latex-workshop' in the marketplace.
Installing...
Extension 'James-Yu.latex-workshop' v5.17.3 was successfully installed!


EXTENSION : 21 / 37 INSTALLED.


"/usr/share/code/bin/code" --install-extension PKief.material-icon-theme
Extension 'PKief.material-icon-theme' is already installed.


EXTENSION : 22 / 37 INSTALLED.


"/usr/share/code/bin/code" --install-extension zhuangtongfa.Material-theme
Found 'zhuangtongfa.Material-theme' in the marketplace.
Installing...
Extension 'zhuangtongfa.Material-theme' v2.17.7 was successfully installed!


EXTENSION : 23 / 37 INSTALLED.


"/usr/share/code/bin/code" --install-extension Angular.ng-template
Extension 'Angular.ng-template' is already installed.


EXTENSION : 24 / 37 INSTALLED.


"/usr/share/code/bin/code" --install-extension christian-kohler.path-intellisense
Extension 'christian-kohler.path-intellisense' is already installed.


EXTENSION : 25 / 37 INSTALLED.


"/usr/share/code/bin/code" --install-extension esbenp.prettier-vscode
Extension 'esbenp.prettier-vscode' is already installed.


EXTENSION : 26 / 37 INSTALLED.


"/usr/share/code/bin/code" --install-extension ms-python.python
Found 'ms-python.python' in the marketplace.
Installing...
Extension 'ms-python.python' v2018.11.0 was successfully installed!


EXTENSION : 27 / 37 INSTALLED.


"/usr/share/code/bin/code" --install-extension quicktype.quicktype
Found 'quicktype.quicktype' in the marketplace.
Installing...
Extension 'quicktype.quicktype' v12.0.46 was successfully installed!


EXTENSION : 28 / 37 INSTALLED.


"/usr/share/code/bin/code" --install-extension eg2.tslint
Extension 'eg2.tslint' is already installed.


EXTENSION : 29 / 37 INSTALLED.


"/usr/share/code/bin/code" --install-extension vscodevim.vim
Found 'vscodevim.vim' in the marketplace.
Installing...
Extension 'vscodevim.vim' v0.16.13 was successfully installed!


EXTENSION : 30 / 37 INSTALLED.


"/usr/share/code/bin/code" --install-extension dbaeumer.vscode-eslint
Found 'dbaeumer.vscode-eslint' in the marketplace.
Installing...
Extension 'dbaeumer.vscode-eslint' v1.7.0 was successfully installed!


EXTENSION : 31 / 37 INSTALLED.


"/usr/share/code/bin/code" --install-extension ecmel.vscode-html-css
Found 'ecmel.vscode-html-css' in the marketplace.
Installing...
Extension 'ecmel.vscode-html-css' v0.2.0 was successfully installed!


EXTENSION : 32 / 37 INSTALLED.


"/usr/share/code/bin/code" --install-extension robertohuertasm.vscode-icons
Found 'robertohuertasm.vscode-icons' in the marketplace.
Installing...
Extension 'robertohuertasm.vscode-icons' v7.28.0 was successfully installed!


EXTENSION : 33 / 37 INSTALLED.


"/usr/share/code/bin/code" --install-extension eg2.vscode-npm-script
Extension 'eg2.vscode-npm-script' is already installed.


EXTENSION : 34 / 37 INSTALLED.


"/usr/share/code/bin/code" --install-extension shyykoserhiy.vscode-spotify
Found 'shyykoserhiy.vscode-spotify' in the marketplace.
Installing...
Extension 'shyykoserhiy.vscode-spotify' v3.1.0 was successfully installed!


EXTENSION : 35 / 37 INSTALLED.


"/usr/share/code/bin/code" --install-extension VisualStudioExptTeam.vscodeintellicode
Found 'VisualStudioExptTeam.vscodeintellicode' in the marketplace.
Installing...
Extension 'VisualStudioExptTeam.vscodeintellicode' v1.1.0 was successfully installed!


EXTENSION : 36 / 37 INSTALLED.


"/usr/share/code/bin/code" --install-extension johnpapa.winteriscoming
Extension 'johnpapa.winteriscoming' is already installed.


EXTENSION : 37 / 37 INSTALLED.


CODE SETTINGS SYNC DOWNLOAD SUMMARY
Version: 3.2.2
--------------------
GitHub Token: 65c4d7181be39157b4e8da4b03890a09fc0d39ca
GitHub Gist: 667cafcc224d3356a2f350a822440e05
GitHub Gist Type: Secret

Restarting Visual Studio Code may be required to apply color and file icon theme.
--------------------
Files Downloaded:
  extensions.json > extensions.json
  keybindings.json > keybindings.json
  settings.json > settings.json
  vsicons.settings.json > vsicons.settings.json

Extensions Ignored:
  No extensions ignored.

Extensions Removed:
  No extensions removed.

Extensions Added:
  angular-essentials v0.4.0
  Angular2 v7.0.1
  angular2-inline v0.0.17
  ariake-dark v0.1.1
  auto-close-tag v0.5.6
  ayu v0.17.0
  bracket-pair-colorizer v1.0.61
  carbon-now-sh v1.2.0
  code-spell-checker v1.6.10
  code-spell-checker-german v0.1.2
  cpptools v0.20.1
  csharp v1.17.1
  csharpextensions v1.3.0
  csharpfixformat v0.0.76
  dark-plus-syntax v0.0.147
  debugger-for-chrome v4.11.1
  EditorConfig v0.12.5
  gitlens v9.0.2
  indent-rainbow v7.2.4
  Ionide-fsharp v3.30.0
  latex-workshop v5.17.3
  material-icon-theme v3.6.1
  Material-theme v2.17.7
  ng-template v0.1.11
  path-intellisense v1.4.2
  prettier-vscode v1.7.2
  python v2018.11.0
  quicktype v12.0.46
  tslint v1.0.40
  vim v0.16.13
  vscode-eslint v1.7.0
  vscode-html-css v0.2.0
  vscode-icons v7.28.0
  vscode-npm-script v0.3.5
  vscode-spotify v3.1.0
  vscodeintellicode v1.1.0
  winteriscoming v0.8.8
--------------------
Done.