[2018-12-08 11:10:32.149] [exthost] [info] extension host started
[2018-12-08 11:10:32.198] [exthost] [info] ExtensionService#_doActivateExtension vscode.debug-auto-launch {"startup":true,"activationEvent":"*"}
[2018-12-08 11:10:32.198] [exthost] [info] ExtensionService#loadCommonJSModule /usr/share/code/resources/app/extensions/debug-auto-launch/dist/extension
[2018-12-08 11:10:32.219] [exthost] [info] ExtensionService#_doActivateExtension vscode.emmet {"startup":true,"activationEvent":"*"}
[2018-12-08 11:10:32.219] [exthost] [info] ExtensionService#loadCommonJSModule /usr/share/code/resources/app/extensions/emmet/dist/extension
[2018-12-08 11:10:32.263] [exthost] [info] ExtensionService#_doActivateExtension vscode.git {"startup":true,"activationEvent":"*"}
[2018-12-08 11:10:32.263] [exthost] [info] ExtensionService#loadCommonJSModule /usr/share/code/resources/app/extensions/git/dist/main
[2018-12-08 11:10:32.393] [exthost] [info] ExtensionService#_doActivateExtension vscode.merge-conflict {"startup":true,"activationEvent":"*"}
[2018-12-08 11:10:32.393] [exthost] [info] ExtensionService#loadCommonJSModule /usr/share/code/resources/app/extensions/merge-conflict/dist/extension
[2018-12-08 11:10:32.402] [exthost] [info] eager extensions activated
[2018-12-08 11:10:49.383] [exthost] [info] ExtensionService#_doActivateExtension vscode.configuration-editing {"startup":false,"activationEvent":"onLanguage:jsonc"}
[2018-12-08 11:10:49.383] [exthost] [info] ExtensionService#loadCommonJSModule /usr/share/code/resources/app/extensions/configuration-editing/dist/extension
[2018-12-08 11:10:49.398] [exthost] [info] ExtensionService#_doActivateExtension vscode.json-language-features {"startup":false,"activationEvent":"onLanguage:jsonc"}
[2018-12-08 11:10:49.398] [exthost] [info] ExtensionService#loadCommonJSModule /usr/share/code/resources/app/extensions/json-language-features/client/dist/jsonMain
[2018-12-08 11:10:49.458] [exthost] [info] ExtensionService#_doActivateExtension vscode.typescript-language-features {"startup":false,"activationEvent":"onLanguage:jsonc"}
[2018-12-08 11:10:49.458] [exthost] [info] ExtensionService#loadCommonJSModule /usr/share/code/resources/app/extensions/typescript-language-features/dist/extension
[2018-12-08 11:10:52.909] [exthost] [info] extension host started
[2018-12-08 11:10:52.924] [exthost] [info] ExtensionService#_doActivateExtension vscode.debug-auto-launch {"startup":true,"activationEvent":"*"}
[2018-12-08 11:10:52.924] [exthost] [info] ExtensionService#loadCommonJSModule /usr/share/code/resources/app/extensions/debug-auto-launch/dist/extension
[2018-12-08 11:10:52.930] [exthost] [info] ExtensionService#_doActivateExtension vscode.emmet {"startup":true,"activationEvent":"*"}
[2018-12-08 11:10:52.930] [exthost] [info] ExtensionService#loadCommonJSModule /usr/share/code/resources/app/extensions/emmet/dist/extension
[2018-12-08 11:10:52.947] [exthost] [info] ExtensionService#_doActivateExtension vscode.git {"startup":true,"activationEvent":"*"}
[2018-12-08 11:10:52.947] [exthost] [info] ExtensionService#loadCommonJSModule /usr/share/code/resources/app/extensions/git/dist/main
[2018-12-08 11:10:53.052] [exthost] [info] ExtensionService#_doActivateExtension vscode.merge-conflict {"startup":true,"activationEvent":"*"}
[2018-12-08 11:10:53.052] [exthost] [info] ExtensionService#loadCommonJSModule /usr/share/code/resources/app/extensions/merge-conflict/dist/extension
[2018-12-08 11:10:53.057] [exthost] [info] eager extensions activated
[2018-12-08 11:11:12.282] [exthost] [info] extension host started
[2018-12-08 11:11:12.299] [exthost] [info] ExtensionService#_doActivateExtension vscode.debug-auto-launch {"startup":true,"activationEvent":"*"}
[2018-12-08 11:11:12.299] [exthost] [info] ExtensionService#loadCommonJSModule /usr/share/code/resources/app/extensions/debug-auto-launch/dist/extension
[2018-12-08 11:11:12.304] [exthost] [info] ExtensionService#_doActivateExtension vscode.emmet {"startup":true,"activationEvent":"*"}
[2018-12-08 11:11:12.304] [exthost] [info] ExtensionService#loadCommonJSModule /usr/share/code/resources/app/extensions/emmet/dist/extension
[2018-12-08 11:11:12.317] [exthost] [info] ExtensionService#_doActivateExtension vscode.git {"startup":true,"activationEvent":"*"}
[2018-12-08 11:11:12.317] [exthost] [info] ExtensionService#loadCommonJSModule /usr/share/code/resources/app/extensions/git/dist/main
[2018-12-08 11:11:12.392] [exthost] [info] ExtensionService#_doActivateExtension vscode.merge-conflict {"startup":true,"activationEvent":"*"}
[2018-12-08 11:11:12.392] [exthost] [info] ExtensionService#loadCommonJSModule /usr/share/code/resources/app/extensions/merge-conflict/dist/extension
[2018-12-08 11:11:12.399] [exthost] [info] ExtensionService#_doActivateExtension Shan.code-settings-sync {"startup":true,"activationEvent":"*"}
[2018-12-08 11:11:12.399] [exthost] [info] ExtensionService#loadCommonJSModule /home/damien/.vscode/extensions/shan.code-settings-sync-3.2.2/out/src/extension
[2018-12-08 11:11:12.650] [exthost] [info] eager extensions activated
[2018-12-08 11:12:26.769] [exthost] [info] ExtensionService#_doActivateExtension vscode.configuration-editing {"startup":false,"activationEvent":"onLanguage:jsonc"}
[2018-12-08 11:12:26.769] [exthost] [info] ExtensionService#loadCommonJSModule /usr/share/code/resources/app/extensions/configuration-editing/dist/extension
[2018-12-08 11:12:26.783] [exthost] [info] ExtensionService#_doActivateExtension vscode.json-language-features {"startup":false,"activationEvent":"onLanguage:jsonc"}
[2018-12-08 11:12:26.783] [exthost] [info] ExtensionService#loadCommonJSModule /usr/share/code/resources/app/extensions/json-language-features/client/dist/jsonMain
[2018-12-08 11:12:26.845] [exthost] [info] ExtensionService#_doActivateExtension vscode.typescript-language-features {"startup":false,"activationEvent":"onLanguage:jsonc"}
[2018-12-08 11:12:26.845] [exthost] [info] ExtensionService#loadCommonJSModule /usr/share/code/resources/app/extensions/typescript-language-features/dist/extension
[2018-12-08 11:29:30.730] [exthost] [info] extension host started
[2018-12-08 11:29:30.753] [exthost] [info] ExtensionService#_doActivateExtension vscode.debug-auto-launch {"startup":true,"activationEvent":"*"}
[2018-12-08 11:29:30.753] [exthost] [info] ExtensionService#loadCommonJSModule /usr/share/code/resources/app/extensions/debug-auto-launch/dist/extension
[2018-12-08 11:29:30.759] [exthost] [info] ExtensionService#_doActivateExtension vscode.emmet {"startup":true,"activationEvent":"*"}
[2018-12-08 11:29:30.759] [exthost] [info] ExtensionService#loadCommonJSModule /usr/share/code/resources/app/extensions/emmet/dist/extension
[2018-12-08 11:29:30.771] [exthost] [info] ExtensionService#_doActivateExtension vscode.git {"startup":true,"activationEvent":"*"}
[2018-12-08 11:29:30.771] [exthost] [info] ExtensionService#loadCommonJSModule /usr/share/code/resources/app/extensions/git/dist/main
[2018-12-08 11:29:30.853] [exthost] [info] ExtensionService#_doActivateExtension vscode.merge-conflict {"startup":true,"activationEvent":"*"}
[2018-12-08 11:29:30.853] [exthost] [info] ExtensionService#loadCommonJSModule /usr/share/code/resources/app/extensions/merge-conflict/dist/extension
[2018-12-08 11:29:30.857] [exthost] [info] ExtensionService#_doActivateExtension christian-kohler.path-intellisense {"startup":true,"activationEvent":"*"}
[2018-12-08 11:29:30.857] [exthost] [info] ExtensionService#loadCommonJSModule /home/damien/.vscode/extensions/christian-kohler.path-intellisense-1.4.2/out/src/extension
[2018-12-08 11:29:30.866] [exthost] [info] ExtensionService#_doActivateExtension CoenraadS.bracket-pair-colorizer {"startup":true,"activationEvent":"*"}
[2018-12-08 11:29:30.866] [exthost] [info] ExtensionService#loadCommonJSModule /home/damien/.vscode/extensions/coenraads.bracket-pair-colorizer-1.0.61/out/src/extension
[2018-12-08 11:29:30.885] [exthost] [info] ExtensionService#_doActivateExtension dbaeumer.vscode-eslint {"startup":true,"activationEvent":"*"}
[2018-12-08 11:29:30.885] [exthost] [info] ExtensionService#loadCommonJSModule /home/damien/.vscode/extensions/dbaeumer.vscode-eslint-1.7.0/client/out/extension
[2018-12-08 11:29:30.931] [exthost] [info] ExtensionService#_doActivateExtension eamodio.gitlens {"startup":true,"activationEvent":"*"}
[2018-12-08 11:29:30.931] [exthost] [info] ExtensionService#loadCommonJSModule /home/damien/.vscode/extensions/eamodio.gitlens-9.0.3/dist/extension
[2018-12-08 11:29:31.036] [exthost] [info] ExtensionService#_doActivateExtension EditorConfig.EditorConfig {"startup":true,"activationEvent":"*"}
[2018-12-08 11:29:31.036] [exthost] [info] ExtensionService#loadCommonJSModule /home/damien/.vscode/extensions/editorconfig.editorconfig-0.12.5/out/src/editorConfigMain
[2018-12-08 11:29:31.061] [exthost] [info] ExtensionService#_doActivateExtension esbenp.prettier-vscode {"startup":true,"activationEvent":"*"}
[2018-12-08 11:29:31.061] [exthost] [info] ExtensionService#loadCommonJSModule /home/damien/.vscode/extensions/esbenp.prettier-vscode-1.7.2/out/src/extension
[2018-12-08 11:29:31.219] [exthost] [info] ExtensionService#_doActivateExtension formulahendry.auto-close-tag {"startup":true,"activationEvent":"*"}
[2018-12-08 11:29:31.219] [exthost] [info] ExtensionService#loadCommonJSModule /home/damien/.vscode/extensions/formulahendry.auto-close-tag-0.5.6/out/src/extension
[2018-12-08 11:29:31.219] [exthost] [info] ExtensionService#_doActivateExtension ms-vscode.cpptools {"startup":true,"activationEvent":"*"}
[2018-12-08 11:29:31.219] [exthost] [info] ExtensionService#loadCommonJSModule /home/damien/.vscode/extensions/ms-vscode.cpptools-0.20.1/out/src/main
[2018-12-08 11:29:31.345] [exthost] [info] ExtensionService#_doActivateExtension oderwat.indent-rainbow {"startup":true,"activationEvent":"*"}
[2018-12-08 11:29:31.345] [exthost] [info] ExtensionService#loadCommonJSModule /home/damien/.vscode/extensions/oderwat.indent-rainbow-7.2.4/out/extension
[2018-12-08 11:29:31.346] [exthost] [info] ExtensionService#_doActivateExtension PKief.material-icon-theme {"startup":true,"activationEvent":"*"}
[2018-12-08 11:29:31.346] [exthost] [info] ExtensionService#loadCommonJSModule /home/damien/.vscode/extensions/pkief.material-icon-theme-3.6.1/out/src/extension
[2018-12-08 11:29:31.378] [exthost] [info] ExtensionService#_doActivateExtension robertohuertasm.vscode-icons {"startup":true,"activationEvent":"*"}
[2018-12-08 11:29:31.378] [exthost] [info] ExtensionService#loadCommonJSModule /home/damien/.vscode/extensions/robertohuertasm.vscode-icons-7.28.0/out/src/
[2018-12-08 11:29:31.443] [exthost] [info] ExtensionService#_doActivateExtension Shan.code-settings-sync {"startup":true,"activationEvent":"*"}
[2018-12-08 11:29:31.443] [exthost] [info] ExtensionService#loadCommonJSModule /home/damien/.vscode/extensions/shan.code-settings-sync-3.2.2/out/src/extension
[2018-12-08 11:29:31.629] [exthost] [info] ExtensionService#_doActivateExtension shyykoserhiy.vscode-spotify {"startup":true,"activationEvent":"*"}
[2018-12-08 11:29:31.629] [exthost] [info] ExtensionService#loadCommonJSModule /home/damien/.vscode/extensions/shyykoserhiy.vscode-spotify-3.1.0/out/src/extension
[2018-12-08 11:29:31.786] [exthost] [info] ExtensionService#_doActivateExtension streetsidesoftware.code-spell-checker {"startup":true,"activationEvent":"*"}
[2018-12-08 11:29:31.786] [exthost] [info] ExtensionService#loadCommonJSModule /home/damien/.vscode/extensions/streetsidesoftware.code-spell-checker-1.6.10/out/src/extension
[2018-12-08 11:29:31.888] [exthost] [info] ExtensionService#_doActivateExtension vscodevim.vim {"startup":true,"activationEvent":"*"}
[2018-12-08 11:29:31.888] [exthost] [info] ExtensionService#loadCommonJSModule /home/damien/.vscode/extensions/vscodevim.vim-0.16.13/out/extension
[2018-12-08 11:29:32.132] [exthost] [info] eager extensions activated
[2018-12-08 11:29:32.379] [exthost] [info] ExtensionService#_doActivateExtension vscode.html-language-features {"startup":false,"activationEvent":"onLanguage:html"}
[2018-12-08 11:29:32.379] [exthost] [info] ExtensionService#loadCommonJSModule /usr/share/code/resources/app/extensions/html-language-features/client/dist/htmlMain
[2018-12-08 11:29:32.479] [exthost] [info] ExtensionService#_doActivateExtension Angular.ng-template {"startup":false,"activationEvent":"onLanguage:html"}
[2018-12-08 11:29:32.479] [exthost] [info] ExtensionService#loadCommonJSModule /home/damien/.vscode/extensions/angular.ng-template-0.1.11/out/extension
[2018-12-08 11:29:32.542] [exthost] [info] ExtensionService#_doActivateExtension ecmel.vscode-html-css {"startup":false,"activationEvent":"onLanguage:html"}
[2018-12-08 11:29:32.542] [exthost] [info] ExtensionService#loadCommonJSModule /home/damien/.vscode/extensions/ecmel.vscode-html-css-0.2.0/out/src/extension
[2018-12-08 11:29:40.146] [exthost] [info] ExtensionService#_doActivateExtension streetsidesoftware.code-spell-checker-german {"startup":true,"activationEvent":"*"}
[2018-12-08 11:29:40.146] [exthost] [info] ExtensionService#loadCommonJSModule /home/damien/.vscode/extensions/streetsidesoftware.code-spell-checker-german-0.1.2/out/src/extension
[2018-12-08 11:29:42.136] [exthost] [info] ExtensionService#_doActivateExtension vscode.configuration-editing {"startup":false,"activationEvent":"onLanguage:jsonc"}
[2018-12-08 11:29:42.136] [exthost] [info] ExtensionService#loadCommonJSModule /usr/share/code/resources/app/extensions/configuration-editing/dist/extension
[2018-12-08 11:29:42.144] [exthost] [info] ExtensionService#_doActivateExtension vscode.json-language-features {"startup":false,"activationEvent":"onLanguage:jsonc"}
[2018-12-08 11:29:42.144] [exthost] [info] ExtensionService#loadCommonJSModule /usr/share/code/resources/app/extensions/json-language-features/client/dist/jsonMain
[2018-12-08 11:29:42.189] [exthost] [info] ExtensionService#_doActivateExtension vscode.typescript-language-features {"startup":false,"activationEvent":"onLanguage:jsonc"}
[2018-12-08 11:29:42.189] [exthost] [info] ExtensionService#loadCommonJSModule /usr/share/code/resources/app/extensions/typescript-language-features/dist/extension
[2018-12-08 11:29:51.751] [exthost] [info] extension host started
[2018-12-08 11:29:51.779] [exthost] [info] ExtensionService#_doActivateExtension vscode.debug-auto-launch {"startup":true,"activationEvent":"*"}
[2018-12-08 11:29:51.779] [exthost] [info] ExtensionService#loadCommonJSModule /usr/share/code/resources/app/extensions/debug-auto-launch/dist/extension
[2018-12-08 11:29:51.783] [exthost] [info] ExtensionService#_doActivateExtension vscode.emmet {"startup":true,"activationEvent":"*"}
[2018-12-08 11:29:51.783] [exthost] [info] ExtensionService#loadCommonJSModule /usr/share/code/resources/app/extensions/emmet/dist/extension
[2018-12-08 11:29:51.796] [exthost] [info] ExtensionService#_doActivateExtension vscode.git {"startup":true,"activationEvent":"*"}
[2018-12-08 11:29:51.796] [exthost] [info] ExtensionService#loadCommonJSModule /usr/share/code/resources/app/extensions/git/dist/main
[2018-12-08 11:29:51.872] [exthost] [info] ExtensionService#_doActivateExtension vscode.merge-conflict {"startup":true,"activationEvent":"*"}
[2018-12-08 11:29:51.872] [exthost] [info] ExtensionService#loadCommonJSModule /usr/share/code/resources/app/extensions/merge-conflict/dist/extension
[2018-12-08 11:29:51.878] [exthost] [info] ExtensionService#_doActivateExtension christian-kohler.path-intellisense {"startup":true,"activationEvent":"*"}
[2018-12-08 11:29:51.878] [exthost] [info] ExtensionService#loadCommonJSModule /home/damien/.vscode/extensions/christian-kohler.path-intellisense-1.4.2/out/src/extension
[2018-12-08 11:29:51.884] [exthost] [info] ExtensionService#_doActivateExtension CoenraadS.bracket-pair-colorizer {"startup":true,"activationEvent":"*"}
[2018-12-08 11:29:51.884] [exthost] [info] ExtensionService#loadCommonJSModule /home/damien/.vscode/extensions/coenraads.bracket-pair-colorizer-1.0.61/out/src/extension
[2018-12-08 11:29:51.898] [exthost] [info] ExtensionService#_doActivateExtension dbaeumer.vscode-eslint {"startup":true,"activationEvent":"*"}
[2018-12-08 11:29:51.898] [exthost] [info] ExtensionService#loadCommonJSModule /home/damien/.vscode/extensions/dbaeumer.vscode-eslint-1.7.0/client/out/extension
[2018-12-08 11:29:51.946] [exthost] [info] ExtensionService#_doActivateExtension eamodio.gitlens {"startup":true,"activationEvent":"*"}
[2018-12-08 11:29:51.946] [exthost] [info] ExtensionService#loadCommonJSModule /home/damien/.vscode/extensions/eamodio.gitlens-9.0.3/dist/extension
[2018-12-08 11:29:52.022] [exthost] [info] ExtensionService#_doActivateExtension EditorConfig.EditorConfig {"startup":true,"activationEvent":"*"}
[2018-12-08 11:29:52.022] [exthost] [info] ExtensionService#loadCommonJSModule /home/damien/.vscode/extensions/editorconfig.editorconfig-0.12.5/out/src/editorConfigMain
[2018-12-08 11:29:52.038] [exthost] [info] ExtensionService#_doActivateExtension esbenp.prettier-vscode {"startup":true,"activationEvent":"*"}
[2018-12-08 11:29:52.038] [exthost] [info] ExtensionService#loadCommonJSModule /home/damien/.vscode/extensions/esbenp.prettier-vscode-1.7.2/out/src/extension
[2018-12-08 11:29:52.151] [exthost] [info] ExtensionService#_doActivateExtension formulahendry.auto-close-tag {"startup":true,"activationEvent":"*"}
[2018-12-08 11:29:52.151] [exthost] [info] ExtensionService#loadCommonJSModule /home/damien/.vscode/extensions/formulahendry.auto-close-tag-0.5.6/out/src/extension
[2018-12-08 11:29:52.152] [exthost] [info] ExtensionService#_doActivateExtension ms-vscode.cpptools {"startup":true,"activationEvent":"*"}
[2018-12-08 11:29:52.152] [exthost] [info] ExtensionService#loadCommonJSModule /home/damien/.vscode/extensions/ms-vscode.cpptools-0.20.1/out/src/main
[2018-12-08 11:29:52.256] [exthost] [info] ExtensionService#_doActivateExtension oderwat.indent-rainbow {"startup":true,"activationEvent":"*"}
[2018-12-08 11:29:52.256] [exthost] [info] ExtensionService#loadCommonJSModule /home/damien/.vscode/extensions/oderwat.indent-rainbow-7.2.4/out/extension
[2018-12-08 11:29:52.257] [exthost] [info] ExtensionService#_doActivateExtension PKief.material-icon-theme {"startup":true,"activationEvent":"*"}
[2018-12-08 11:29:52.257] [exthost] [info] ExtensionService#loadCommonJSModule /home/damien/.vscode/extensions/pkief.material-icon-theme-3.6.1/out/src/extension
[2018-12-08 11:29:52.281] [exthost] [info] ExtensionService#_doActivateExtension robertohuertasm.vscode-icons {"startup":true,"activationEvent":"*"}
[2018-12-08 11:29:52.281] [exthost] [info] ExtensionService#loadCommonJSModule /home/damien/.vscode/extensions/robertohuertasm.vscode-icons-7.28.0/out/src/
[2018-12-08 11:29:52.326] [exthost] [info] ExtensionService#_doActivateExtension Shan.code-settings-sync {"startup":true,"activationEvent":"*"}
[2018-12-08 11:29:52.326] [exthost] [info] ExtensionService#loadCommonJSModule /home/damien/.vscode/extensions/shan.code-settings-sync-3.2.2/out/src/extension
[2018-12-08 11:29:52.509] [exthost] [info] ExtensionService#_doActivateExtension shyykoserhiy.vscode-spotify {"startup":true,"activationEvent":"*"}
[2018-12-08 11:29:52.509] [exthost] [info] ExtensionService#loadCommonJSModule /home/damien/.vscode/extensions/shyykoserhiy.vscode-spotify-3.1.0/out/src/extension
[2018-12-08 11:29:52.635] [exthost] [info] ExtensionService#_doActivateExtension streetsidesoftware.code-spell-checker {"startup":true,"activationEvent":"*"}
[2018-12-08 11:29:52.635] [exthost] [info] ExtensionService#loadCommonJSModule /home/damien/.vscode/extensions/streetsidesoftware.code-spell-checker-1.6.10/out/src/extension
[2018-12-08 11:29:52.703] [exthost] [info] ExtensionService#_doActivateExtension vscodevim.vim {"startup":true,"activationEvent":"*"}
[2018-12-08 11:29:52.703] [exthost] [info] ExtensionService#loadCommonJSModule /home/damien/.vscode/extensions/vscodevim.vim-0.16.13/out/extension
[2018-12-08 11:29:52.889] [exthost] [info] eager extensions activated
[2018-12-08 11:29:53.097] [exthost] [info] ExtensionService#_doActivateExtension streetsidesoftware.code-spell-checker-german {"startup":true,"activationEvent":"*"}
[2018-12-08 11:29:53.097] [exthost] [info] ExtensionService#loadCommonJSModule /home/damien/.vscode/extensions/streetsidesoftware.code-spell-checker-german-0.1.2/out/src/extension
[2018-12-08 11:30:01.146] [exthost] [info] extension host started
[2018-12-08 11:30:01.185] [exthost] [info] ExtensionService#_doActivateExtension vscode.debug-auto-launch {"startup":true,"activationEvent":"*"}
[2018-12-08 11:30:01.185] [exthost] [info] ExtensionService#loadCommonJSModule /usr/share/code/resources/app/extensions/debug-auto-launch/dist/extension
[2018-12-08 11:30:01.192] [exthost] [info] ExtensionService#_doActivateExtension vscode.emmet {"startup":true,"activationEvent":"*"}
[2018-12-08 11:30:01.192] [exthost] [info] ExtensionService#loadCommonJSModule /usr/share/code/resources/app/extensions/emmet/dist/extension
[2018-12-08 11:30:01.212] [exthost] [info] ExtensionService#_doActivateExtension vscode.git {"startup":true,"activationEvent":"*"}
[2018-12-08 11:30:01.212] [exthost] [info] ExtensionService#loadCommonJSModule /usr/share/code/resources/app/extensions/git/dist/main
[2018-12-08 11:30:01.292] [exthost] [info] ExtensionService#_doActivateExtension vscode.merge-conflict {"startup":true,"activationEvent":"*"}
[2018-12-08 11:30:01.292] [exthost] [info] ExtensionService#loadCommonJSModule /usr/share/code/resources/app/extensions/merge-conflict/dist/extension
[2018-12-08 11:30:01.296] [exthost] [info] ExtensionService#_doActivateExtension christian-kohler.path-intellisense {"startup":true,"activationEvent":"*"}
[2018-12-08 11:30:01.296] [exthost] [info] ExtensionService#loadCommonJSModule /home/damien/.vscode/extensions/christian-kohler.path-intellisense-1.4.2/out/src/extension
[2018-12-08 11:30:01.304] [exthost] [info] ExtensionService#_doActivateExtension CoenraadS.bracket-pair-colorizer {"startup":true,"activationEvent":"*"}
[2018-12-08 11:30:01.304] [exthost] [info] ExtensionService#loadCommonJSModule /home/damien/.vscode/extensions/coenraads.bracket-pair-colorizer-1.0.61/out/src/extension
[2018-12-08 11:30:01.318] [exthost] [info] ExtensionService#_doActivateExtension dbaeumer.vscode-eslint {"startup":true,"activationEvent":"*"}
[2018-12-08 11:30:01.318] [exthost] [info] ExtensionService#loadCommonJSModule /home/damien/.vscode/extensions/dbaeumer.vscode-eslint-1.7.0/client/out/extension
[2018-12-08 11:30:01.357] [exthost] [info] ExtensionService#_doActivateExtension eamodio.gitlens {"startup":true,"activationEvent":"*"}
[2018-12-08 11:30:01.357] [exthost] [info] ExtensionService#loadCommonJSModule /home/damien/.vscode/extensions/eamodio.gitlens-9.0.3/dist/extension
[2018-12-08 11:30:01.440] [exthost] [info] ExtensionService#_doActivateExtension EditorConfig.EditorConfig {"startup":true,"activationEvent":"*"}
[2018-12-08 11:30:01.440] [exthost] [info] ExtensionService#loadCommonJSModule /home/damien/.vscode/extensions/editorconfig.editorconfig-0.12.5/out/src/editorConfigMain
[2018-12-08 11:30:01.456] [exthost] [info] ExtensionService#_doActivateExtension esbenp.prettier-vscode {"startup":true,"activationEvent":"*"}
[2018-12-08 11:30:01.456] [exthost] [info] ExtensionService#loadCommonJSModule /home/damien/.vscode/extensions/esbenp.prettier-vscode-1.7.2/out/src/extension
[2018-12-08 11:30:01.574] [exthost] [info] ExtensionService#_doActivateExtension formulahendry.auto-close-tag {"startup":true,"activationEvent":"*"}
[2018-12-08 11:30:01.574] [exthost] [info] ExtensionService#loadCommonJSModule /home/damien/.vscode/extensions/formulahendry.auto-close-tag-0.5.6/out/src/extension
[2018-12-08 11:30:01.575] [exthost] [info] ExtensionService#_doActivateExtension oderwat.indent-rainbow {"startup":true,"activationEvent":"*"}
[2018-12-08 11:30:01.575] [exthost] [info] ExtensionService#loadCommonJSModule /home/damien/.vscode/extensions/oderwat.indent-rainbow-7.2.4/out/extension
[2018-12-08 11:30:01.576] [exthost] [info] ExtensionService#_doActivateExtension PKief.material-icon-theme {"startup":true,"activationEvent":"*"}
[2018-12-08 11:30:01.576] [exthost] [info] ExtensionService#loadCommonJSModule /home/damien/.vscode/extensions/pkief.material-icon-theme-3.6.1/out/src/extension
[2018-12-08 11:30:01.607] [exthost] [info] ExtensionService#_doActivateExtension robertohuertasm.vscode-icons {"startup":true,"activationEvent":"*"}
[2018-12-08 11:30:01.607] [exthost] [info] ExtensionService#loadCommonJSModule /home/damien/.vscode/extensions/robertohuertasm.vscode-icons-7.28.0/out/src/
[2018-12-08 11:30:01.669] [exthost] [info] ExtensionService#_doActivateExtension Shan.code-settings-sync {"startup":true,"activationEvent":"*"}
[2018-12-08 11:30:01.669] [exthost] [info] ExtensionService#loadCommonJSModule /home/damien/.vscode/extensions/shan.code-settings-sync-3.2.2/out/src/extension
[2018-12-08 11:30:01.840] [exthost] [info] ExtensionService#_doActivateExtension shyykoserhiy.vscode-spotify {"startup":true,"activationEvent":"*"}
[2018-12-08 11:30:01.840] [exthost] [info] ExtensionService#loadCommonJSModule /home/damien/.vscode/extensions/shyykoserhiy.vscode-spotify-3.1.0/out/src/extension
[2018-12-08 11:30:01.968] [exthost] [info] ExtensionService#_doActivateExtension streetsidesoftware.code-spell-checker {"startup":true,"activationEvent":"*"}
[2018-12-08 11:30:01.968] [exthost] [info] ExtensionService#loadCommonJSModule /home/damien/.vscode/extensions/streetsidesoftware.code-spell-checker-1.6.10/out/src/extension
[2018-12-08 11:30:02.047] [exthost] [info] ExtensionService#_doActivateExtension vscodevim.vim {"startup":true,"activationEvent":"*"}
[2018-12-08 11:30:02.047] [exthost] [info] ExtensionService#loadCommonJSModule /home/damien/.vscode/extensions/vscodevim.vim-0.16.13/out/extension
[2018-12-08 11:30:02.236] [exthost] [info] eager extensions activated
[2018-12-08 11:30:02.424] [exthost] [info] ExtensionService#_doActivateExtension streetsidesoftware.code-spell-checker-german {"startup":true,"activationEvent":"*"}
[2018-12-08 11:30:02.424] [exthost] [info] ExtensionService#loadCommonJSModule /home/damien/.vscode/extensions/streetsidesoftware.code-spell-checker-german-0.1.2/out/src/extension
[2018-12-08 11:30:15.527] [exthost] [info] ExtensionService#_doActivateExtension vscode.configuration-editing {"startup":false,"activationEvent":"onLanguage:jsonc"}
[2018-12-08 11:30:15.527] [exthost] [info] ExtensionService#loadCommonJSModule /usr/share/code/resources/app/extensions/configuration-editing/dist/extension
[2018-12-08 11:30:15.536] [exthost] [info] ExtensionService#_doActivateExtension vscode.json-language-features {"startup":false,"activationEvent":"onLanguage:jsonc"}
[2018-12-08 11:30:15.536] [exthost] [info] ExtensionService#loadCommonJSModule /usr/share/code/resources/app/extensions/json-language-features/client/dist/jsonMain
[2018-12-08 11:30:15.585] [exthost] [info] ExtensionService#_doActivateExtension vscode.typescript-language-features {"startup":false,"activationEvent":"onLanguage:jsonc"}
[2018-12-08 11:30:15.585] [exthost] [info] ExtensionService#loadCommonJSModule /usr/share/code/resources/app/extensions/typescript-language-features/dist/extension
